Log file open, 12/07/20 16:52:39
LogInit: Display: Running engine for game: practica3
LogPlatformFile: Not using cached read wrapper
LogTaskGraph: Started task graph with 5 named threads and 11 total threads with 3 sets of task threads.
LogStats: Stats thread started at 0.432846
LogD3D11RHI: Loaded GFSDK_Aftermath_Lib.x64.dll
LogICUInternationalization: ICU TimeZone Detection - Raw Offset: +1:00, Platform Override: ''
LogPluginManager: Mounting plugin Paper2D
LogPluginManager: Mounting plugin AISupport
LogPluginManager: Mounting plugin LightPropagationVolume
LogPluginManager: Mounting plugin CameraShakePreviewer
LogPluginManager: Mounting plugin ActorLayerUtilities
LogPluginManager: Mounting plugin AnimationSharing
LogPluginManager: Mounting plugin CLionSourceCodeAccess
LogPluginManager: Mounting plugin CodeLiteSourceCodeAccess
LogPluginManager: Mounting plugin GitSourceControl
LogPluginManager: Mounting plugin KDevelopSourceCodeAccess
LogPluginManager: Mounting plugin NullSourceCodeAccess
LogPluginManager: Mounting plugin PerforceSourceControl
LogPluginManager: Mounting plugin PlasticSourceControl
LogPluginManager: Mounting plugin RiderSourceCodeAccess
LogPluginManager: Mounting plugin SubversionSourceControl
LogPluginManager: Mounting plugin UObjectPlugin
LogPluginManager: Mounting plugin VisualStudioCodeSourceCodeAccess
LogPluginManager: Mounting plugin VisualStudioSourceCodeAccess
LogPluginManager: Mounting plugin XCodeSourceCodeAccess
LogPluginManager: Mounting plugin AssetManagerEditor
LogPluginManager: Mounting plugin CryptoKeys
LogPluginManager: Mounting plugin CurveEditorTools
LogPluginManager: Mounting plugin DataValidation
LogPluginManager: Mounting plugin EditorScriptingUtilities
LogPluginManager: Mounting plugin FacialAnimation
LogPluginManager: Mounting plugin GameplayTagsEditor
LogPluginManager: Mounting plugin GeometryMode
LogPluginManager: Mounting plugin MacGraphicsSwitching
LogPluginManager: Mounting plugin MaterialAnalyzer
LogPluginManager: Mounting plugin MobileLauncherProfileWizard
LogPluginManager: Mounting plugin PluginBrowser
LogPluginManager: Mounting plugin SpeedTreeImporter
LogPluginManager: Mounting plugin DatasmithContent
LogPluginManager: Mounting plugin VariantManagerContent
LogPluginManager: Mounting plugin AlembicImporter
LogPluginManager: Mounting plugin AutomationUtils
LogPluginManager: Mounting plugin BackChannel
LogPluginManager: Mounting plugin ChaosCloth
LogPluginManager: Mounting plugin ChaosClothEditor
LogPluginManager: Mounting plugin ChaosEditor
LogPluginManager: Mounting plugin ChaosNiagara
LogPluginManager: Mounting plugin ChaosSolverPlugin
LogPluginManager: Mounting plugin CharacterAI
LogPluginManager: Mounting plugin GeometryCache
LogPluginManager: Mounting plugin GeometryCollectionPlugin
LogPluginManager: Mounting plugin GeometryProcessing
LogPluginManager: Mounting plugin PlanarCut
LogPluginManager: Mounting plugin PlatformCrypto
LogPluginManager: Mounting plugin ProxyLODPlugin
LogPluginManager: Mounting plugin SkeletalReduction
LogPluginManager: Mounting plugin Niagara
LogPluginManager: Mounting plugin MagicLeap
LogPluginManager: Mounting plugin MagicLeapLightEstimation
LogPluginManager: Mounting plugin MagicLeapMedia
LogPluginManager: Mounting plugin MagicLeapPassableWorld
LogPluginManager: Mounting plugin MLSDK
LogPluginManager: Mounting plugin AndroidMedia
LogPluginManager: Mounting plugin AvfMedia
LogPluginManager: Mounting plugin ImgMedia
LogPluginManager: Mounting plugin MediaCompositing
LogPluginManager: Mounting plugin MediaPlayerEditor
LogPluginManager: Mounting plugin WebMMedia
LogPluginManager: Mounting plugin WmfMedia
LogPluginManager: Mounting plugin MeshPainting
LogPluginManager: Mounting plugin TcpMessaging
LogPluginManager: Mounting plugin UdpMessaging
LogPluginManager: Mounting plugin ActorSequence
LogPluginManager: Mounting plugin LevelSequenceEditor
LogPluginManager: Mounting plugin MatineeToLevelSequence
LogPluginManager: Mounting plugin MovieRenderPipeline
LogPluginManager: Mounting plugin TemplateSequence
LogPluginManager: Mounting plugin NetcodeUnitTest
LogPluginManager: Mounting plugin NUTUnrealEngine4
LogPluginManager: Mounting plugin OnlineSubsystemGooglePlay
LogPluginManager: Mounting plugin OnlineSubsystemIOS
LogPluginManager: Mounting plugin OnlineSubsystem
LogPluginManager: Mounting plugin OnlineSubsystemNull
LogPluginManager: Mounting plugin OnlineSubsystemUtils
LogPluginManager: Mounting plugin LauncherChunkInstaller
LogPluginManager: Mounting plugin AndroidDeviceProfileSelector
LogPluginManager: Mounting plugin AndroidMoviePlayer
LogPluginManager: Mounting plugin AndroidPermission
LogPluginManager: Mounting plugin AppleImageUtils
LogPluginManager: Mounting plugin AppleMoviePlayer
LogPluginManager: Mounting plugin ArchVisCharacter
LogPluginManager: Mounting plugin AssetTags
LogPluginManager: Mounting plugin AudioCapture
LogPluginManager: Mounting plugin CableComponent
LogPluginManager: Mounting plugin CustomMeshComponent
LogPluginManager: Mounting plugin EditableMesh
LogPluginManager: Mounting plugin ExampleDeviceProfileSelector
LogPluginManager: Mounting plugin GoogleCloudMessaging
LogPluginManager: Mounting plugin GooglePAD
LogPluginManager: Mounting plugin IOSDeviceProfileSelector
LogPluginManager: Mounting plugin LinuxDeviceProfileSelector
LogPluginManager: Mounting plugin LocationServicesBPLibrary
LogPluginManager: Mounting plugin MobilePatchingUtils
LogPluginManager: Mounting plugin OculusVR
LogPluginManager: Mounting plugin PhysXVehicles
LogPluginManager: Mounting plugin PostSplashScreen
LogPluginManager: Mounting plugin ProceduralMeshComponent
LogPluginManager: Mounting plugin RuntimePhysXCooking
LogPluginManager: Mounting plugin SignificanceManager
LogPluginManager: Mounting plugin SoundFields
LogPluginManager: Mounting plugin SteamVR
LogPluginManager: Mounting plugin Synthesis
LogPluginManager: Mounting plugin WebMMoviePlayer
LogPluginManager: Mounting plugin WindowsMoviePlayer
LogPluginManager: Mounting plugin ScreenshotTools
LogInit: Using libcurl 7.55.1-DEV
LogInit:  - built for x86_64-pc-win32
LogInit:  - supports SSL with OpenSSL/1.1.1
LogInit:  - supports HTTP deflate (compression) using libz 1.2.8
LogInit:  - other features:
LogInit:      CURL_VERSION_SSL
LogInit:      CURL_VERSION_LIBZ
LogInit:      CURL_VERSION_IPV6
LogInit:      CURL_VERSION_ASYNCHDNS
LogInit:      CURL_VERSION_LARGEFILE
LogInit:      CURL_VERSION_IDN
LogInit:  CurlRequestOptions (configurable via config and command line):
LogInit:  - bVerifyPeer = true  - Libcurl will verify peer certificate
LogInit:  - bUseHttpProxy = false  - Libcurl will NOT use HTTP proxy
LogInit:  - bDontReuseConnections = false  - Libcurl will reuse connections
LogInit:  - MaxHostConnections = 16  - Libcurl will limit the number of connections to a host
LogInit:  - LocalHostAddr = Default
LogInit:  - BufferSize = 65536
LogOnline: OSS: Creating online subsystem instance for: NULL
LogInit: WinSock: version 1.1 (2.2), MaxSocks=32767, MaxUdp=65467
LogOnline: OSS: TryLoadSubsystemAndSetDefault: Loaded subsystem for module [NULL]
LogInit: Build: ++UE4+Release-4.25-CL-14469661
LogInit: Engine Version: 4.25.4-14469661+++UE4+Release-4.25
LogInit: Compatible Engine Version: 4.25.0-13144385+++UE4+Release-4.25
LogInit: Net CL: 13144385
LogInit: OS: Windows 10 (Release 2004) (), CPU: Intel(R) Core(TM) i5-4210U CPU @ 1.70GHz, GPU: Intel(R) HD Graphics Family
LogInit: Compiled (64-bit): Oct 11 2020 08:10:49
LogInit: Compiled with Visual C++: 19.24.28315.00
LogInit: Build Configuration: Development
LogInit: Branch Name: ++UE4+Release-4.25
LogInit: Command Line: 
LogInit: Base Directory: C:/Program Files/Epic Games/UE_4.25/Engine/Binaries/Win64/
LogInit: Allocator: TBB
LogInit: Installed Engine Build: 1
LogDevObjectVersion: Number of dev versions registered: 26
LogDevObjectVersion:   Dev-Blueprints (B0D832E4-1F89-4F0D-ACCF-7EB736FD4AA2): 10
LogDevObjectVersion:   Dev-Build (E1C64328-A22C-4D53-A36C-8E866417BD8C): 0
LogDevObjectVersion:   Dev-Core (375EC13C-06E4-48FB-B500-84F0262A717E): 4
LogDevObjectVersion:   Dev-Editor (E4B068ED-F494-42E9-A231-DA0B2E46BB41): 38
LogDevObjectVersion:   Dev-Framework (CFFC743F-43B0-4480-9391-14DF171D2073): 37
LogDevObjectVersion:   Dev-Mobile (B02B49B5-BB20-44E9-A304-32B752E40360): 2
LogDevObjectVersion:   Dev-Networking (A4E4105C-59A1-49B5-A7C5-40C4547EDFEE): 0
LogDevObjectVersion:   Dev-Online (39C831C9-5AE6-47DC-9A44-9C173E1C8E7C): 0
LogDevObjectVersion:   Dev-Physics (78F01B33-EBEA-4F98-B9B4-84EACCB95AA2): 4
LogDevObjectVersion:   Dev-Platform (6631380F-2D4D-43E0-8009-CF276956A95A): 0
LogDevObjectVersion:   Dev-Rendering (12F88B9F-8875-4AFC-A67C-D90C383ABD29): 43
LogDevObjectVersion:   Dev-Sequencer (7B5AE74C-D270-4C10-A958-57980B212A5A): 12
LogDevObjectVersion:   Dev-VR (D7296918-1DD6-4BDD-9DE2-64A83CC13884): 3
LogDevObjectVersion:   Dev-LoadTimes (C2A15278-BFE7-4AFE-6C17-90FF531DF755): 1
LogDevObjectVersion:   Private-Geometry (6EACA3D4-40EC-4CC1-B786-8BED09428FC5): 3
LogDevObjectVersion:   Dev-AnimPhys (29E575DD-E0A3-4627-9D10-D276232CDCEA): 17
LogDevObjectVersion:   Dev-Anim (AF43A65D-7FD3-4947-9873-3E8ED9C1BB05): 7
LogDevObjectVersion:   Dev-ReflectionCapture (6B266CEC-1EC7-4B8F-A30B-E4D90942FC07): 1
LogDevObjectVersion:   Dev-Automation (0DF73D61-A23F-47EA-B727-89E90C41499A): 1
LogDevObjectVersion:   FortniteMain (601D1886-AC64-4F84-AA16-D3DE0DEAC7D6): 31
LogDevObjectVersion:   Dev-Enterprise (9DFFBCD6-494F-0158-E221-12823C92A888): 10
LogDevObjectVersion:   Dev-Niagara (F2AED0AC-9AFE-416F-8664-AA7FFA26D6FC): 1
LogDevObjectVersion:   Dev-Destruction (174F1F0B-B4C6-45A5-B13F-2EE8D0FB917D): 10
LogDevObjectVersion:   Dev-Physics-Ext (35F94A83-E258-406C-A318-09F59610247C): 37
LogDevObjectVersion:   Dev-PhysicsMaterial-Chaos (B68FC16E-8B1B-42E2-B453-215C058844FE): 1
LogDevObjectVersion:   Dev-CineCamera (B2E18506-4273-CFC2-A54E-F4BB758BBA07): 1
LogInit: Presizing for max 25165824 objects, including 0 objects not considered by GC, pre-allocating 0 bytes for permanent pool.
LogConfig: Applying CVar settings from Section [/Script/Engine.StreamingSettings] File [C:/Users/raque/Desktop/DEV/practica3/Saved/Config/Windows/Engine.ini]
LogConfig: Setting CVar [[s.MinBulkDataSizeForAsyncLoading:131072]]
LogConfig: Setting CVar [[s.AsyncLoadingThreadEnabled:0]]
LogConfig: Setting CVar [[s.EventDrivenLoaderEnabled:1]]
LogConfig: Setting CVar [[s.WarnIfTimeLimitExceeded:0]]
LogConfig: Setting CVar [[s.TimeLimitExceededMultiplier:1.5]]
LogConfig: Setting CVar [[s.TimeLimitExceededMinTime:0.005]]
LogConfig: Setting CVar [[s.UseBackgroundLevelStreaming:1]]
LogConfig: Setting CVar [[s.PriorityAsyncLoadingExtraTime:15.0]]
LogConfig: Setting CVar [[s.LevelStreamingActorsUpdateTimeLimit:5.0]]
LogConfig: Setting CVar [[s.PriorityLevelStreamingActorsUpdateExtraTime:5.0]]
LogConfig: Setting CVar [[s.LevelStreamingComponentsRegistrationGranularity:10]]
LogConfig: Setting CVar [[s.UnregisterComponentsTimeLimit:1.0]]
LogConfig: Setting CVar [[s.LevelStreamingComponentsUnregistrationGranularity:5]]
LogConfig: Setting CVar [[s.FlushStreamingOnExit:1]]
LogInit: Object subsystem initialized
LogConfig: Setting CVar [[con.DebugEarlyDefault:1]]
LogConfig: Setting CVar [[r.setres:1280x720]]
[2020.12.07-15.52.40:526][  0]LogConfig: Setting CVar [[r.VSync:0]]
[2020.12.07-15.52.40:526][  0]LogConfig: Setting CVar [[r.RHICmdBypass:0]]
[2020.12.07-15.52.40:526][  0]LogConfig: Applying CVar settings from Section [/Script/Engine.RendererSettings] File [C:/Users/raque/Desktop/DEV/practica3/Saved/Config/Windows/Engine.ini]
[2020.12.07-15.52.40:526][  0]LogConfig: Setting CVar [[r.GPUCrashDebugging:0]]
[2020.12.07-15.52.40:526][  0]LogConfig: Applying CVar settings from Section [/Script/Engine.RendererOverrideSettings] File [C:/Users/raque/Desktop/DEV/practica3/Saved/Config/Windows/Engine.ini]
[2020.12.07-15.52.40:526][  0]LogConfig: Applying CVar settings from Section [/Script/Engine.StreamingSettings] File [C:/Users/raque/Desktop/DEV/practica3/Saved/Config/Windows/Engine.ini]
[2020.12.07-15.52.40:526][  0]LogConfig: Setting CVar [[s.MinBulkDataSizeForAsyncLoading:131072]]
[2020.12.07-15.52.40:526][  0]LogConfig: Setting CVar [[s.AsyncLoadingThreadEnabled:0]]
[2020.12.07-15.52.40:526][  0]LogConfig: Setting CVar [[s.EventDrivenLoaderEnabled:1]]
[2020.12.07-15.52.40:526][  0]LogConfig: Setting CVar [[s.WarnIfTimeLimitExceeded:0]]
[2020.12.07-15.52.40:526][  0]LogConfig: Setting CVar [[s.TimeLimitExceededMultiplier:1.5]]
[2020.12.07-15.52.40:526][  0]LogConfig: Setting CVar [[s.TimeLimitExceededMinTime:0.005]]
[2020.12.07-15.52.40:526][  0]LogConfig: Setting CVar [[s.UseBackgroundLevelStreaming:1]]
[2020.12.07-15.52.40:526][  0]LogConfig: Setting CVar [[s.PriorityAsyncLoadingExtraTime:15.0]]
[2020.12.07-15.52.40:526][  0]LogConfig: Setting CVar [[s.LevelStreamingActorsUpdateTimeLimit:5.0]]
[2020.12.07-15.52.40:526][  0]LogConfig: Setting CVar [[s.PriorityLevelStreamingActorsUpdateExtraTime:5.0]]
[2020.12.07-15.52.40:526][  0]LogConfig: Setting CVar [[s.LevelStreamingComponentsRegistrationGranularity:10]]
[2020.12.07-15.52.40:526][  0]LogConfig: Setting CVar [[s.UnregisterComponentsTimeLimit:1.0]]
[2020.12.07-15.52.40:526][  0]LogConfig: Setting CVar [[s.LevelStreamingComponentsUnregistrationGranularity:5]]
[2020.12.07-15.52.40:526][  0]LogConfig: Setting CVar [[s.FlushStreamingOnExit:1]]
[2020.12.07-15.52.40:526][  0]LogConfig: Applying CVar settings from Section [/Script/Engine.GarbageCollectionSettings] File [C:/Users/raque/Desktop/DEV/practica3/Saved/Config/Windows/Engine.ini]
[2020.12.07-15.52.40:526][  0]LogConfig: Setting CVar [[gc.MaxObjectsNotConsideredByGC:1]]
[2020.12.07-15.52.40:526][  0]LogConfig: Setting CVar [[gc.SizeOfPermanentObjectPool:0]]
[2020.12.07-15.52.40:526][  0]LogConfig: Setting CVar [[gc.FlushStreamingOnGC:0]]
[2020.12.07-15.52.40:527][  0]LogConfig: Setting CVar [[gc.NumRetriesBeforeForcingGC:10]]
[2020.12.07-15.52.40:527][  0]LogConfig: Setting CVar [[gc.AllowParallelGC:1]]
[2020.12.07-15.52.40:527][  0]LogConfig: Setting CVar [[gc.TimeBetweenPurgingPendingKillObjects:61.1]]
[2020.12.07-15.52.40:527][  0]LogConfig: Setting CVar [[gc.MaxObjectsInEditor:25165824]]
[2020.12.07-15.52.40:527][  0]LogConfig: Setting CVar [[gc.IncrementalBeginDestroyEnabled:1]]
[2020.12.07-15.52.40:527][  0]LogConfig: Setting CVar [[gc.CreateGCClusters:1]]
[2020.12.07-15.52.40:527][  0]LogConfig: Setting CVar [[gc.MinGCClusterSize:5]]
[2020.12.07-15.52.40:527][  0]LogConfig: Setting CVar [[gc.ActorClusteringEnabled:0]]
[2020.12.07-15.52.40:527][  0]LogConfig: Setting CVar [[gc.BlueprintClusteringEnabled:0]]
[2020.12.07-15.52.40:527][  0]LogConfig: Setting CVar [[gc.UseDisregardForGCOnDedicatedServers:0]]
[2020.12.07-15.52.40:527][  0]LogConfig: Applying CVar settings from Section [/Script/Engine.NetworkSettings] File [C:/Users/raque/Desktop/DEV/practica3/Saved/Config/Windows/Engine.ini]
[2020.12.07-15.52.40:527][  0]LogConfig: Applying CVar settings from Section [/Script/UnrealEd.CookerSettings] File [C:/Users/raque/Desktop/DEV/practica3/Saved/Config/Windows/Engine.ini]
[2020.12.07-15.52.40:533][  0]LogConfig: Applying CVar settings from Section [ViewDistanceQuality@3] File [C:/Users/raque/Desktop/DEV/practica3/Saved/Config/Windows/Scalability.ini]
[2020.12.07-15.52.40:533][  0]LogConfig: Setting CVar [[r.SkeletalMeshLODBias:0]]
[2020.12.07-15.52.40:533][  0]LogConfig: Setting CVar [[r.ViewDistanceScale:1.0]]
[2020.12.07-15.52.40:533][  0]LogConfig: Applying CVar settings from Section [AntiAliasingQuality@3] File [C:/Users/raque/Desktop/DEV/practica3/Saved/Config/Windows/Scalability.ini]
[2020.12.07-15.52.40:533][  0]LogConfig: Setting CVar [[r.PostProcessAAQuality:4]]
[2020.12.07-15.52.40:533][  0]LogConfig: Applying CVar settings from Section [ShadowQuality@3] File [C:/Users/raque/Desktop/DEV/practica3/Saved/Config/Windows/Scalability.ini]
[2020.12.07-15.52.40:533][  0]LogConfig: Setting CVar [[r.LightFunctionQuality:1]]
[2020.12.07-15.52.40:533][  0]LogConfig: Setting CVar [[r.ShadowQuality:5]]
[2020.12.07-15.52.40:533][  0]LogConfig: Setting CVar [[r.Shadow.CSM.MaxCascades:10]]
[2020.12.07-15.52.40:533][  0]LogConfig: Setting CVar [[r.Shadow.MaxResolution:2048]]
[2020.12.07-15.52.40:533][  0]LogConfig: Setting CVar [[r.Shadow.MaxCSMResolution:2048]]
[2020.12.07-15.52.40:533][  0]LogConfig: Setting CVar [[r.Shadow.RadiusThreshold:0.01]]
[2020.12.07-15.52.40:533][  0]LogConfig: Setting CVar [[r.Shadow.DistanceScale:1.0]]
[2020.12.07-15.52.40:533][  0]LogConfig: Setting CVar [[r.Shadow.CSM.TransitionScale:1.0]]
[2020.12.07-15.52.40:533][  0]LogConfig: Setting CVar [[r.Shadow.PreShadowResolutionFactor:1.0]]
[2020.12.07-15.52.40:533][  0]LogConfig: Setting CVar [[r.DistanceFieldShadowing:1]]
[2020.12.07-15.52.40:533][  0]LogConfig: Setting CVar [[r.DistanceFieldAO:1]]
[2020.12.07-15.52.40:533][  0]LogConfig: Setting CVar [[r.AOQuality:2]]
[2020.12.07-15.52.40:533][  0]LogConfig: Setting CVar [[r.VolumetricFog:1]]
[2020.12.07-15.52.40:533][  0]LogConfig: Setting CVar [[r.VolumetricFog.GridPixelSize:8]]
[2020.12.07-15.52.40:533][  0]LogConfig: Setting CVar [[r.VolumetricFog.GridSizeZ:128]]
[2020.12.07-15.52.40:533][  0]LogConfig: Setting CVar [[r.VolumetricFog.HistoryMissSupersampleCount:4]]
[2020.12.07-15.52.40:533][  0]LogConfig: Setting CVar [[r.LightMaxDrawDistanceScale:1]]
[2020.12.07-15.52.40:533][  0]LogConfig: Setting CVar [[r.CapsuleShadows:1]]
[2020.12.07-15.52.40:533][  0]LogConfig: Applying CVar settings from Section [PostProcessQuality@3] File [C:/Users/raque/Desktop/DEV/practica3/Saved/Config/Windows/Scalability.ini]
[2020.12.07-15.52.40:533][  0]LogConfig: Setting CVar [[r.MotionBlurQuality:4]]
[2020.12.07-15.52.40:533][  0]LogConfig: Setting CVar [[r.AmbientOcclusionMipLevelFactor:0.4]]
[2020.12.07-15.52.40:533][  0]LogConfig: Setting CVar [[r.AmbientOcclusionMaxQuality:100]]
[2020.12.07-15.52.40:533][  0]LogConfig: Setting CVar [[r.AmbientOcclusionLevels:-1]]
[2020.12.07-15.52.40:533][  0]LogConfig: Setting CVar [[r.AmbientOcclusionRadiusScale:1.0]]
[2020.12.07-15.52.40:533][  0]LogConfig: Setting CVar [[r.DepthOfFieldQuality:2]]
[2020.12.07-15.52.40:533][  0]LogConfig: Setting CVar [[r.RenderTargetPoolMin:400]]
[2020.12.07-15.52.40:533][  0]LogConfig: Setting CVar [[r.LensFlareQuality:2]]
[2020.12.07-15.52.40:533][  0]LogConfig: Setting CVar [[r.SceneColorFringeQuality:1]]
[2020.12.07-15.52.40:533][  0]LogConfig: Setting CVar [[r.EyeAdaptationQuality:2]]
[2020.12.07-15.52.40:533][  0]LogConfig: Setting CVar [[r.BloomQuality:5]]
[2020.12.07-15.52.40:533][  0]LogConfig: Setting CVar [[r.FastBlurThreshold:100]]
[2020.12.07-15.52.40:533][  0]LogConfig: Setting CVar [[r.Upscale.Quality:3]]
[2020.12.07-15.52.40:533][  0]LogConfig: Setting CVar [[r.Tonemapper.GrainQuantization:1]]
[2020.12.07-15.52.40:533][  0]LogConfig: Setting CVar [[r.LightShaftQuality:1]]
[2020.12.07-15.52.40:533][  0]LogConfig: Setting CVar [[r.Filter.SizeScale:1]]
[2020.12.07-15.52.40:533][  0]LogConfig: Setting CVar [[r.Tonemapper.Quality:5]]
[2020.12.07-15.52.40:533][  0]LogConfig: Setting CVar [[r.DOF.Gather.AccumulatorQuality:1        ; higher gathering accumulator quality]]
[2020.12.07-15.52.40:533][  0]LogConfig: Setting CVar [[r.DOF.Gather.PostfilterMethod:1          ; Median3x3 postfilering method]]
[2020.12.07-15.52.40:533][  0]LogConfig: Setting CVar [[r.DOF.Gather.EnableBokehSettings:0       ; no bokeh simulation when gathering]]
[2020.12.07-15.52.40:534][  0]LogConfig: Setting CVar [[r.DOF.Gather.RingCount:4                 ; medium number of samples when gathering]]
[2020.12.07-15.52.40:534][  0]LogConfig: Setting CVar [[r.DOF.Scatter.ForegroundCompositing:1    ; additive foreground scattering]]
[2020.12.07-15.52.40:534][  0]LogConfig: Setting CVar [[r.DOF.Scatter.BackgroundCompositing:2    ; additive background scattering]]
[2020.12.07-15.52.40:534][  0]LogConfig: Setting CVar [[r.DOF.Scatter.EnableBokehSettings:1      ; bokeh simulation when scattering]]
[2020.12.07-15.52.40:534][  0]LogConfig: Setting CVar [[r.DOF.Scatter.MaxSpriteRatio:0.1         ; only a maximum of 10% of scattered bokeh]]
[2020.12.07-15.52.40:534][  0]LogConfig: Setting CVar [[r.DOF.Recombine.Quality:1                ; cheap slight out of focus]]
[2020.12.07-15.52.40:534][  0]LogConfig: Setting CVar [[r.DOF.Recombine.EnableBokehSettings:0    ; no bokeh simulation on slight out of focus]]
[2020.12.07-15.52.40:534][  0]LogConfig: Setting CVar [[r.DOF.TemporalAAQuality:1                ; more stable temporal accumulation]]
[2020.12.07-15.52.40:534][  0]LogConfig: Setting CVar [[r.DOF.Kernel.MaxForegroundRadius:0.025]]
[2020.12.07-15.52.40:534][  0]LogConfig: Setting CVar [[r.DOF.Kernel.MaxBackgroundRadius:0.025]]
[2020.12.07-15.52.40:534][  0]LogConfig: Applying CVar settings from Section [TextureQuality@3] File [C:/Users/raque/Desktop/DEV/practica3/Saved/Config/Windows/Scalability.ini]
[2020.12.07-15.52.40:534][  0]LogConfig: Setting CVar [[r.Streaming.MipBias:0]]
[2020.12.07-15.52.40:534][  0]LogConfig: Setting CVar [[r.Streaming.AmortizeCPUToGPUCopy:0]]
[2020.12.07-15.52.40:534][  0]LogConfig: Setting CVar [[r.Streaming.MaxNumTexturesToStreamPerFrame:0]]
[2020.12.07-15.52.40:534][  0]LogConfig: Setting CVar [[r.Streaming.Boost:1]]
[2020.12.07-15.52.40:534][  0]LogConfig: Setting CVar [[r.MaxAnisotropy:8]]
[2020.12.07-15.52.40:534][  0]LogConfig: Setting CVar [[r.VT.MaxAnisotropy:8]]
[2020.12.07-15.52.40:534][  0]LogConfig: Setting CVar [[r.Streaming.LimitPoolSizeToVRAM:0]]
[2020.12.07-15.52.40:534][  0]LogConfig: Setting CVar [[r.Streaming.PoolSize:1000]]
[2020.12.07-15.52.40:534][  0]LogConfig: Setting CVar [[r.Streaming.MaxEffectiveScreenSize:0]]
[2020.12.07-15.52.40:534][  0]LogConfig: Applying CVar settings from Section [EffectsQuality@3] File [C:/Users/raque/Desktop/DEV/practica3/Saved/Config/Windows/Scalability.ini]
[2020.12.07-15.52.40:534][  0]LogConfig: Setting CVar [[r.TranslucencyLightingVolumeDim:64]]
[2020.12.07-15.52.40:534][  0]LogConfig: Setting CVar [[r.RefractionQuality:2]]
[2020.12.07-15.52.40:534][  0]LogConfig: Setting CVar [[r.SSR.Quality:3]]
[2020.12.07-15.52.40:534][  0]LogConfig: Setting CVar [[r.SSR.HalfResSceneColor:0]]
[2020.12.07-15.52.40:534][  0]LogConfig: Setting CVar [[r.SceneColorFormat:4]]
[2020.12.07-15.52.40:534][  0]LogConfig: Setting CVar [[r.DetailMode:2]]
[2020.12.07-15.52.40:534][  0]LogConfig: Setting CVar [[r.TranslucencyVolumeBlur:1]]
[2020.12.07-15.52.40:534][  0]LogConfig: Setting CVar [[r.MaterialQualityLevel:1 ; High quality]]
[2020.12.07-15.52.40:534][  0]LogConfig: Setting CVar [[r.SSS.Scale:1]]
[2020.12.07-15.52.40:534][  0]LogConfig: Setting CVar [[r.SSS.SampleSet:2]]
[2020.12.07-15.52.40:534][  0]LogConfig: Setting CVar [[r.SSS.Quality:1]]
[2020.12.07-15.52.40:534][  0]LogConfig: Setting CVar [[r.SSS.HalfRes:0]]
[2020.12.07-15.52.40:534][  0]LogConfig: Setting CVar [[r.SSGI.Quality:3]]
[2020.12.07-15.52.40:534][  0]LogConfig: Setting CVar [[r.EmitterSpawnRateScale:1.0]]
[2020.12.07-15.52.40:534][  0]LogConfig: Setting CVar [[r.ParticleLightQuality:2]]
[2020.12.07-15.52.40:534][  0]LogConfig: Setting CVar [[r.SkyAtmosphere.AerialPerspectiveLUT.FastApplyOnOpaque:1 ; Always have FastSkyLUT 1 in this case to avoid wrong sky]]
[2020.12.07-15.52.40:534][  0]LogConfig: Setting CVar [[r.SkyAtmosphere.AerialPerspectiveLUT.SampleCountPerSlice:1]]
[2020.12.07-15.52.40:534][  0]LogConfig: Setting CVar [[r.SkyAtmosphere.AerialPerspectiveLUT.DepthResolution:16.0]]
[2020.12.07-15.52.40:534][  0]LogConfig: Setting CVar [[r.SkyAtmosphere.FastSkyLUT:1]]
[2020.12.07-15.52.40:534][  0]LogConfig: Setting CVar [[r.SkyAtmosphere.FastSkyLUT.SampleCountMin:4.0]]
[2020.12.07-15.52.40:534][  0]LogConfig: Setting CVar [[r.SkyAtmosphere.FastSkyLUT.SampleCountMax:32.0]]
[2020.12.07-15.52.40:534][  0]LogConfig: Setting CVar [[r.SkyAtmosphere.SampleCountMin:4.0]]
[2020.12.07-15.52.40:534][  0]LogConfig: Setting CVar [[r.SkyAtmosphere.SampleCountMax:32.0]]
[2020.12.07-15.52.40:534][  0]LogConfig: Setting CVar [[r.SkyAtmosphere.TransmittanceLUT.UseSmallFormat:0]]
[2020.12.07-15.52.40:534][  0]LogConfig: Setting CVar [[r.SkyAtmosphere.TransmittanceLUT.SampleCount:10.0]]
[2020.12.07-15.52.40:534][  0]LogConfig: Setting CVar [[r.SkyAtmosphere.MultiScatteringLUT.SampleCount:15.0]]
[2020.12.07-15.52.40:534][  0]LogConfig: Applying CVar settings from Section [FoliageQuality@3] File [C:/Users/raque/Desktop/DEV/practica3/Saved/Config/Windows/Scalability.ini]
[2020.12.07-15.52.40:534][  0]LogConfig: Setting CVar [[foliage.DensityScale:1.0]]
[2020.12.07-15.52.40:534][  0]LogConfig: Setting CVar [[grass.DensityScale:1.0]]
[2020.12.07-15.52.40:534][  0]LogConfig: Applying CVar settings from Section [ShadingQuality@3] File [C:/Users/raque/Desktop/DEV/practica3/Saved/Config/Windows/Scalability.ini]
[2020.12.07-15.52.40:534][  0]LogConfig: Setting CVar [[r.HairStrands.SkyLighting.SampleCount:16]]
[2020.12.07-15.52.40:534][  0]LogConfig: Setting CVar [[r.HairStrands.SkyLighting.JitterIntegration:0]]
[2020.12.07-15.52.40:534][  0]LogConfig: Setting CVar [[r.HairStrands.SkyAO.SampleCount:16]]
[2020.12.07-15.52.40:534][  0]LogConfig: Setting CVar [[r.HairStrands.DeepShadow.SuperSampling:0]]
[2020.12.07-15.52.40:535][  0]LogConfig: Setting CVar [[r.HairStrands.VisibilityPPLL:0]]
[2020.12.07-15.52.40:535][  0]LogConfig: Setting CVar [[r.HairStrands.RasterizationScale:0.5]]
[2020.12.07-15.52.40:535][  0]LogConfig: Setting CVar [[r.HairStrands.VelocityRasterizationScale:1]]
[2020.12.07-15.52.40:535][  0]LogInit: Selected Device Profile: [Windows]
[2020.12.07-15.52.40:535][  0]LogInit: Applying CVar settings loaded from the selected device profile: [Windows]
[2020.12.07-15.52.40:535][  0]LogHAL: Display: Platform has ~ 8 GB [8521035776 / 8589934592 / 8], which maps to Default [LargestMinGB=32, LargerMinGB=12, DefaultMinGB=8, SmallerMinGB=6, SmallestMinGB=0)
[2020.12.07-15.52.40:535][  0]LogInit: Going up to parent DeviceProfile []
[2020.12.07-15.52.40:535][  0]LogConfig: Applying CVar settings from Section [ViewDistanceQuality@3] File [C:/Users/raque/Desktop/DEV/practica3/Saved/Config/Windows/Scalability.ini]
[2020.12.07-15.52.40:535][  0]LogConfig: Setting CVar [[r.SkeletalMeshLODBias:0]]
[2020.12.07-15.52.40:535][  0]LogConfig: Setting CVar [[r.ViewDistanceScale:1.0]]
[2020.12.07-15.52.40:535][  0]LogConfig: Applying CVar settings from Section [AntiAliasingQuality@3] File [C:/Users/raque/Desktop/DEV/practica3/Saved/Config/Windows/Scalability.ini]
[2020.12.07-15.52.40:535][  0]LogConfig: Setting CVar [[r.PostProcessAAQuality:4]]
[2020.12.07-15.52.40:535][  0]LogConfig: Applying CVar settings from Section [ShadowQuality@3] File [C:/Users/raque/Desktop/DEV/practica3/Saved/Config/Windows/Scalability.ini]
[2020.12.07-15.52.40:535][  0]LogConfig: Setting CVar [[r.LightFunctionQuality:1]]
[2020.12.07-15.52.40:535][  0]LogConfig: Setting CVar [[r.ShadowQuality:5]]
[2020.12.07-15.52.40:535][  0]LogConfig: Setting CVar [[r.Shadow.CSM.MaxCascades:10]]
[2020.12.07-15.52.40:535][  0]LogConfig: Setting CVar [[r.Shadow.MaxResolution:2048]]
[2020.12.07-15.52.40:535][  0]LogConfig: Setting CVar [[r.Shadow.MaxCSMResolution:2048]]
[2020.12.07-15.52.40:535][  0]LogConfig: Setting CVar [[r.Shadow.RadiusThreshold:0.01]]
[2020.12.07-15.52.40:535][  0]LogConfig: Setting CVar [[r.Shadow.DistanceScale:1.0]]
[2020.12.07-15.52.40:535][  0]LogConfig: Setting CVar [[r.Shadow.CSM.TransitionScale:1.0]]
[2020.12.07-15.52.40:535][  0]LogConfig: Setting CVar [[r.Shadow.PreShadowResolutionFactor:1.0]]
[2020.12.07-15.52.40:535][  0]LogConfig: Setting CVar [[r.DistanceFieldShadowing:1]]
[2020.12.07-15.52.40:535][  0]LogConfig: Setting CVar [[r.DistanceFieldAO:1]]
[2020.12.07-15.52.40:535][  0]LogConfig: Setting CVar [[r.AOQuality:2]]
[2020.12.07-15.52.40:535][  0]LogConfig: Setting CVar [[r.VolumetricFog:1]]
[2020.12.07-15.52.40:535][  0]LogConfig: Setting CVar [[r.VolumetricFog.GridPixelSize:8]]
[2020.12.07-15.52.40:535][  0]LogConfig: Setting CVar [[r.VolumetricFog.GridSizeZ:128]]
[2020.12.07-15.52.40:535][  0]LogConfig: Setting CVar [[r.VolumetricFog.HistoryMissSupersampleCount:4]]
[2020.12.07-15.52.40:535][  0]LogConfig: Setting CVar [[r.LightMaxDrawDistanceScale:1]]
[2020.12.07-15.52.40:535][  0]LogConfig: Setting CVar [[r.CapsuleShadows:1]]
[2020.12.07-15.52.40:535][  0]LogConfig: Applying CVar settings from Section [PostProcessQuality@3] File [C:/Users/raque/Desktop/DEV/practica3/Saved/Config/Windows/Scalability.ini]
[2020.12.07-15.52.40:535][  0]LogConfig: Setting CVar [[r.MotionBlurQuality:4]]
[2020.12.07-15.52.40:535][  0]LogConfig: Setting CVar [[r.AmbientOcclusionMipLevelFactor:0.4]]
[2020.12.07-15.52.40:535][  0]LogConfig: Setting CVar [[r.AmbientOcclusionMaxQuality:100]]
[2020.12.07-15.52.40:535][  0]LogConfig: Setting CVar [[r.AmbientOcclusionLevels:-1]]
[2020.12.07-15.52.40:535][  0]LogConfig: Setting CVar [[r.AmbientOcclusionRadiusScale:1.0]]
[2020.12.07-15.52.40:535][  0]LogConfig: Setting CVar [[r.DepthOfFieldQuality:2]]
[2020.12.07-15.52.40:535][  0]LogConfig: Setting CVar [[r.RenderTargetPoolMin:400]]
[2020.12.07-15.52.40:535][  0]LogConfig: Setting CVar [[r.LensFlareQuality:2]]
[2020.12.07-15.52.40:535][  0]LogConfig: Setting CVar [[r.SceneColorFringeQuality:1]]
[2020.12.07-15.52.40:535][  0]LogConfig: Setting CVar [[r.EyeAdaptationQuality:2]]
[2020.12.07-15.52.40:535][  0]LogConfig: Setting CVar [[r.BloomQuality:5]]
[2020.12.07-15.52.40:535][  0]LogConfig: Setting CVar [[r.FastBlurThreshold:100]]
[2020.12.07-15.52.40:535][  0]LogConfig: Setting CVar [[r.Upscale.Quality:3]]
[2020.12.07-15.52.40:535][  0]LogConfig: Setting CVar [[r.Tonemapper.GrainQuantization:1]]
[2020.12.07-15.52.40:535][  0]LogConfig: Setting CVar [[r.LightShaftQuality:1]]
[2020.12.07-15.52.40:535][  0]LogConfig: Setting CVar [[r.Filter.SizeScale:1]]
[2020.12.07-15.52.40:536][  0]LogConfig: Setting CVar [[r.Tonemapper.Quality:5]]
[2020.12.07-15.52.40:536][  0]LogConfig: Setting CVar [[r.DOF.Gather.AccumulatorQuality:1        ; higher gathering accumulator quality]]
[2020.12.07-15.52.40:536][  0]LogConfig: Setting CVar [[r.DOF.Gather.PostfilterMethod:1          ; Median3x3 postfilering method]]
[2020.12.07-15.52.40:536][  0]LogConfig: Setting CVar [[r.DOF.Gather.EnableBokehSettings:0       ; no bokeh simulation when gathering]]
[2020.12.07-15.52.40:536][  0]LogConfig: Setting CVar [[r.DOF.Gather.RingCount:4                 ; medium number of samples when gathering]]
[2020.12.07-15.52.40:536][  0]LogConfig: Setting CVar [[r.DOF.Scatter.ForegroundCompositing:1    ; additive foreground scattering]]
[2020.12.07-15.52.40:536][  0]LogConfig: Setting CVar [[r.DOF.Scatter.BackgroundCompositing:2    ; additive background scattering]]
[2020.12.07-15.52.40:536][  0]LogConfig: Setting CVar [[r.DOF.Scatter.EnableBokehSettings:1      ; bokeh simulation when scattering]]
[2020.12.07-15.52.40:536][  0]LogConfig: Setting CVar [[r.DOF.Scatter.MaxSpriteRatio:0.1         ; only a maximum of 10% of scattered bokeh]]
[2020.12.07-15.52.40:536][  0]LogConfig: Setting CVar [[r.DOF.Recombine.Quality:1                ; cheap slight out of focus]]
[2020.12.07-15.52.40:536][  0]LogConfig: Setting CVar [[r.DOF.Recombine.EnableBokehSettings:0    ; no bokeh simulation on slight out of focus]]
[2020.12.07-15.52.40:536][  0]LogConfig: Setting CVar [[r.DOF.TemporalAAQuality:1                ; more stable temporal accumulation]]
[2020.12.07-15.52.40:536][  0]LogConfig: Setting CVar [[r.DOF.Kernel.MaxForegroundRadius:0.025]]
[2020.12.07-15.52.40:536][  0]LogConfig: Setting CVar [[r.DOF.Kernel.MaxBackgroundRadius:0.025]]
[2020.12.07-15.52.40:536][  0]LogConfig: Applying CVar settings from Section [TextureQuality@3] File [C:/Users/raque/Desktop/DEV/practica3/Saved/Config/Windows/Scalability.ini]
[2020.12.07-15.52.40:536][  0]LogConfig: Setting CVar [[r.Streaming.MipBias:0]]
[2020.12.07-15.52.40:536][  0]LogConfig: Setting CVar [[r.Streaming.AmortizeCPUToGPUCopy:0]]
[2020.12.07-15.52.40:536][  0]LogConfig: Setting CVar [[r.Streaming.MaxNumTexturesToStreamPerFrame:0]]
[2020.12.07-15.52.40:536][  0]LogConfig: Setting CVar [[r.Streaming.Boost:1]]
[2020.12.07-15.52.40:536][  0]LogConfig: Setting CVar [[r.MaxAnisotropy:8]]
[2020.12.07-15.52.40:536][  0]LogConfig: Setting CVar [[r.VT.MaxAnisotropy:8]]
[2020.12.07-15.52.40:536][  0]LogConfig: Setting CVar [[r.Streaming.LimitPoolSizeToVRAM:0]]
[2020.12.07-15.52.40:536][  0]LogConfig: Setting CVar [[r.Streaming.PoolSize:1000]]
[2020.12.07-15.52.40:536][  0]LogConfig: Setting CVar [[r.Streaming.MaxEffectiveScreenSize:0]]
[2020.12.07-15.52.40:536][  0]LogConfig: Applying CVar settings from Section [EffectsQuality@3] File [C:/Users/raque/Desktop/DEV/practica3/Saved/Config/Windows/Scalability.ini]
[2020.12.07-15.52.40:536][  0]LogConfig: Setting CVar [[r.TranslucencyLightingVolumeDim:64]]
[2020.12.07-15.52.40:536][  0]LogConfig: Setting CVar [[r.RefractionQuality:2]]
[2020.12.07-15.52.40:536][  0]LogConfig: Setting CVar [[r.SSR.Quality:3]]
[2020.12.07-15.52.40:536][  0]LogConfig: Setting CVar [[r.SSR.HalfResSceneColor:0]]
[2020.12.07-15.52.40:536][  0]LogConfig: Setting CVar [[r.SceneColorFormat:4]]
[2020.12.07-15.52.40:536][  0]LogConfig: Setting CVar [[r.DetailMode:2]]
[2020.12.07-15.52.40:536][  0]LogConfig: Setting CVar [[r.TranslucencyVolumeBlur:1]]
[2020.12.07-15.52.40:536][  0]LogConfig: Setting CVar [[r.MaterialQualityLevel:1 ; High quality]]
[2020.12.07-15.52.40:536][  0]LogConfig: Setting CVar [[r.SSS.Scale:1]]
[2020.12.07-15.52.40:536][  0]LogConfig: Setting CVar [[r.SSS.SampleSet:2]]
[2020.12.07-15.52.40:536][  0]LogConfig: Setting CVar [[r.SSS.Quality:1]]
[2020.12.07-15.52.40:536][  0]LogConfig: Setting CVar [[r.SSS.HalfRes:0]]
[2020.12.07-15.52.40:536][  0]LogConfig: Setting CVar [[r.SSGI.Quality:3]]
[2020.12.07-15.52.40:536][  0]LogConfig: Setting CVar [[r.EmitterSpawnRateScale:1.0]]
[2020.12.07-15.52.40:536][  0]LogConfig: Setting CVar [[r.ParticleLightQuality:2]]
[2020.12.07-15.52.40:536][  0]LogConfig: Setting CVar [[r.SkyAtmosphere.AerialPerspectiveLUT.FastApplyOnOpaque:1 ; Always have FastSkyLUT 1 in this case to avoid wrong sky]]
[2020.12.07-15.52.40:536][  0]LogConfig: Setting CVar [[r.SkyAtmosphere.AerialPerspectiveLUT.SampleCountPerSlice:1]]
[2020.12.07-15.52.40:536][  0]LogConfig: Setting CVar [[r.SkyAtmosphere.AerialPerspectiveLUT.DepthResolution:16.0]]
[2020.12.07-15.52.40:536][  0]LogConfig: Setting CVar [[r.SkyAtmosphere.FastSkyLUT:1]]
[2020.12.07-15.52.40:536][  0]LogConfig: Setting CVar [[r.SkyAtmosphere.FastSkyLUT.SampleCountMin:4.0]]
[2020.12.07-15.52.40:536][  0]LogConfig: Setting CVar [[r.SkyAtmosphere.FastSkyLUT.SampleCountMax:32.0]]
[2020.12.07-15.52.40:536][  0]LogConfig: Setting CVar [[r.SkyAtmosphere.SampleCountMin:4.0]]
[2020.12.07-15.52.40:536][  0]LogConfig: Setting CVar [[r.SkyAtmosphere.SampleCountMax:32.0]]
[2020.12.07-15.52.40:536][  0]LogConfig: Setting CVar [[r.SkyAtmosphere.TransmittanceLUT.UseSmallFormat:0]]
[2020.12.07-15.52.40:536][  0]LogConfig: Setting CVar [[r.SkyAtmosphere.TransmittanceLUT.SampleCount:10.0]]
[2020.12.07-15.52.40:536][  0]LogConfig: Setting CVar [[r.SkyAtmosphere.MultiScatteringLUT.SampleCount:15.0]]
[2020.12.07-15.52.40:536][  0]LogConfig: Applying CVar settings from Section [FoliageQuality@3] File [C:/Users/raque/Desktop/DEV/practica3/Saved/Config/Windows/Scalability.ini]
[2020.12.07-15.52.40:536][  0]LogConfig: Setting CVar [[foliage.DensityScale:1.0]]
[2020.12.07-15.52.40:536][  0]LogConfig: Setting CVar [[grass.DensityScale:1.0]]
[2020.12.07-15.52.40:537][  0]LogConfig: Applying CVar settings from Section [ShadingQuality@3] File [C:/Users/raque/Desktop/DEV/practica3/Saved/Config/Windows/Scalability.ini]
[2020.12.07-15.52.40:537][  0]LogConfig: Setting CVar [[r.HairStrands.SkyLighting.SampleCount:16]]
[2020.12.07-15.52.40:537][  0]LogConfig: Setting CVar [[r.HairStrands.SkyLighting.JitterIntegration:0]]
[2020.12.07-15.52.40:537][  0]LogConfig: Setting CVar [[r.HairStrands.SkyAO.SampleCount:16]]
[2020.12.07-15.52.40:537][  0]LogConfig: Setting CVar [[r.HairStrands.DeepShadow.SuperSampling:0]]
[2020.12.07-15.52.40:537][  0]LogConfig: Setting CVar [[r.HairStrands.VisibilityPPLL:0]]
[2020.12.07-15.52.40:537][  0]LogConfig: Setting CVar [[r.HairStrands.RasterizationScale:0.5]]
[2020.12.07-15.52.40:537][  0]LogConfig: Setting CVar [[r.HairStrands.VelocityRasterizationScale:1]]
[2020.12.07-15.52.40:537][  0]LogConfig: Applying CVar settings from Section [Startup] File [../../../Engine/Config/ConsoleVariables.ini]
[2020.12.07-15.52.40:537][  0]LogConfig: Setting CVar [[net.UseAdaptiveNetUpdateFrequency:0]]
[2020.12.07-15.52.40:537][  0]LogConfig: Setting CVar [[p.chaos.AllowCreatePhysxBodies:1]]
[2020.12.07-15.52.40:537][  0]LogConfig: Setting CVar [[fx.SkipVectorVMBackendOptimizations:1]]
[2020.12.07-15.52.40:537][  0]LogConfig: Applying CVar settings from Section [ConsoleVariables] File [C:/Users/raque/Desktop/DEV/practica3/Saved/Config/Windows/Engine.ini]
[2020.12.07-15.52.40:537][  0]LogInit: Computer: DESKTOP-6C23Q1K
[2020.12.07-15.52.40:538][  0]LogInit: User: raque
[2020.12.07-15.52.40:538][  0]LogInit: CPU Page size=4096, Cores=2
[2020.12.07-15.52.40:538][  0]LogInit: High frequency timer resolution =10.000000 MHz
[2020.12.07-15.52.40:538][  0]LogMemory: Memory total: Physical=7.9GB (8GB approx)
[2020.12.07-15.52.40:538][  0]LogMemory: Platform Memory Stats for Windows
[2020.12.07-15.52.40:538][  0]LogMemory: Process Physical Memory: 113.75 MB used, 113.76 MB peak
[2020.12.07-15.52.40:538][  0]LogMemory: Process Virtual Memory: 94.96 MB used, 94.96 MB peak
[2020.12.07-15.52.40:538][  0]LogMemory: Physical Memory: 4284.43 MB used,  3841.86 MB free, 8126.29 MB total
[2020.12.07-15.52.40:538][  0]LogMemory: Virtual Memory: 5124.50 MB used,  134212600.00 MB free, 134217728.00 MB total
[2020.12.07-15.52.40:548][  0]LogWindows: WindowsPlatformFeatures enabled
[2020.12.07-15.52.40:625][  0]LogInit: Physics initialised using underlying interface: PhysX
[2020.12.07-15.52.40:629][  0]LogInit: Overriding language with editor language configuration option (en).
[2020.12.07-15.52.40:629][  0]LogInit: Overriding locale with editor culture configuration option ().
[2020.12.07-15.52.40:629][  0]LogInit: Using OS detected locale (es-ES).
[2020.12.07-15.52.41:100][  0]LogInit: Setting process to per monitor DPI aware
[2020.12.07-15.52.41:165][  0]LogSlate: New Slate User Created.  User Index 0, Is Virtual User: 0
[2020.12.07-15.52.41:165][  0]LogSlate: Slate User Registered.  User Index 0, Is Virtual User: 0
[2020.12.07-15.52.41:617][  0]LogHMD: Failed to initialize OpenVR with code 110
[2020.12.07-15.52.41:617][  0]LogD3D11RHI: D3D11 min allowed feature level: 11_0
[2020.12.07-15.52.41:618][  0]LogD3D11RHI: D3D11 max allowed feature level: 11_0
[2020.12.07-15.52.41:618][  0]LogD3D11RHI: D3D11 adapters:
[2020.12.07-15.52.41:966][  0]LogD3D11RHI:    0. 'NVIDIA GeForce 840M' (Feature Level 11_0)
[2020.12.07-15.52.41:966][  0]LogD3D11RHI:       2010/0/4063 MB DedicatedVideo/DedicatedSystem/SharedSystem, Outputs:2, VendorId:0x10de
[2020.12.07-15.52.41:976][  0]LogD3D11RHI:    1. 'Intel(R) HD Graphics Family' (Feature Level 11_0)
[2020.12.07-15.52.41:976][  0]LogD3D11RHI:       112/0/2048 MB DedicatedVideo/DedicatedSystem/SharedSystem, Outputs:0, VendorId:0x8086
[2020.12.07-15.52.41:979][  0]LogD3D11RHI:    2. 'Microsoft Basic Render Driver' (Feature Level 11_0)
[2020.12.07-15.52.41:979][  0]LogD3D11RHI:       0/0/4063 MB DedicatedVideo/DedicatedSystem/SharedSystem, Outputs:0, VendorId:0x1414
[2020.12.07-15.52.41:979][  0]LogD3D11RHI: Chosen D3D11 Adapter: 0
[2020.12.07-15.52.42:026][  0]LogD3D11RHI: Creating new Direct3DDevice
[2020.12.07-15.52.42:026][  0]LogD3D11RHI:     GPU DeviceId: 0x1341 (for the marketing name, search the web for "GPU Device Id")
[2020.12.07-15.52.42:026][  0]LogWindows: EnumDisplayDevices:
[2020.12.07-15.52.42:026][  0]LogWindows:    0. 'Intel(R) HD Graphics Family' (P:0 D:1)
[2020.12.07-15.52.42:027][  0]LogWindows:    1. 'Intel(R) HD Graphics Family' (P:1 D:1)
[2020.12.07-15.52.42:027][  0]LogWindows:    2. 'Intel(R) HD Graphics Family' (P:0 D:0)
[2020.12.07-15.52.42:027][  0]LogWindows: DebugString: PrimaryIsNotTheChoosenAdapter PrimaryIsNotTheChoosenAdapter PrimaryIsNotTheChoosenAdapter FoundDriverCount:0 
[2020.12.07-15.52.42:027][  0]LogD3D11RHI:     Adapter Name: NVIDIA GeForce 840M
[2020.12.07-15.52.42:027][  0]LogD3D11RHI:   Driver Version: Unknown (internal:Unknown, unified:Unknown)
[2020.12.07-15.52.42:027][  0]LogD3D11RHI:      Driver Date: Unknown
[2020.12.07-15.52.42:027][  0]LogRHI: Texture pool is 1407 MB (70% of 2010 MB)
[2020.12.07-15.52.42:123][  0]LogD3D11RHI: RHI has support for 64 bit atomics
[2020.12.07-15.52.42:123][  0]LogD3D11RHI: Async texture creation enabled
[2020.12.07-15.52.42:150][  0]LogD3D11RHI: GPU Timing Frequency: 1000.000000 (Debug: 2 1)
[2020.12.07-15.52.42:891][  0]LogTargetPlatformManager: Display: Loaded TargetPlatform 'AllDesktop'
[2020.12.07-15.52.42:940][  0]LogTargetPlatformManager: Display: Loaded TargetPlatform 'Android'
[2020.12.07-15.52.42:940][  0]LogTargetPlatformManager: Display: Loaded TargetPlatform 'Android_ASTC'
[2020.12.07-15.52.42:940][  0]LogTargetPlatformManager: Display: Loaded TargetPlatform 'Android_DXT'
[2020.12.07-15.52.42:940][  0]LogTargetPlatformManager: Display: Loaded TargetPlatform 'Android_ETC2'
[2020.12.07-15.52.42:940][  0]LogTargetPlatformManager: Display: Loaded TargetPlatform 'AndroidClient'
[2020.12.07-15.52.42:940][  0]LogTargetPlatformManager: Display: Loaded TargetPlatform 'Android_ASTCClient'
[2020.12.07-15.52.42:940][  0]LogTargetPlatformManager: Display: Loaded TargetPlatform 'Android_DXTClient'
[2020.12.07-15.52.42:940][  0]LogTargetPlatformManager: Display: Loaded TargetPlatform 'Android_ETC2Client'
[2020.12.07-15.52.42:940][  0]LogTargetPlatformManager: Display: Loaded TargetPlatform 'Android_Multi'
[2020.12.07-15.52.42:940][  0]LogTargetPlatformManager: Display: Loaded TargetPlatform 'Android_MultiClient'
[2020.12.07-15.52.42:991][  0]LogTargetPlatformManager: Display: Loaded TargetPlatform 'IOSClient'
[2020.12.07-15.52.42:992][  0]LogTargetPlatformManager: Display: Loaded TargetPlatform 'IOS'
[2020.12.07-15.52.43:013][  0]LogTargetPlatformManager: Display: Loaded TargetPlatform 'Linux'
[2020.12.07-15.52.43:035][  0]LogTargetPlatformManager: Display: Loaded TargetPlatform 'LinuxNoEditor'
[2020.12.07-15.52.43:053][  0]LogTargetPlatformManager: Display: Loaded TargetPlatform 'LinuxClient'
[2020.12.07-15.52.43:075][  0]LogTargetPlatformManager: Display: Loaded TargetPlatform 'LinuxServer'
[2020.12.07-15.52.43:093][  0]LogTargetPlatformManager: Display: Loaded TargetPlatform 'LinuxAArch64NoEditor'
[2020.12.07-15.52.43:114][  0]LogTargetPlatformManager: Display: Loaded TargetPlatform 'LinuxAArch64Client'
[2020.12.07-15.52.43:136][  0]LogTargetPlatformManager: Display: Loaded TargetPlatform 'LinuxAArch64Server'
[2020.12.07-15.52.43:189][  0]LogTargetPlatformManager: Display: Loaded TargetPlatform 'Lumin'
[2020.12.07-15.52.43:189][  0]LogTargetPlatformManager: Display: Loaded TargetPlatform 'LuminClient'
[2020.12.07-15.52.43:217][  0]LogTargetPlatformManager: Display: Loaded TargetPlatform 'TVOSClient'
[2020.12.07-15.52.43:217][  0]LogTargetPlatformManager: Display: Loaded TargetPlatform 'TVOS'
[2020.12.07-15.52.43:234][  0]LogTargetPlatformManager: Display: Loaded TargetPlatform 'WindowsNoEditor'
[2020.12.07-15.52.43:251][  0]LogTargetPlatformManager: Display: Loaded TargetPlatform 'Windows'
[2020.12.07-15.52.43:267][  0]LogTargetPlatformManager: Display: Loaded TargetPlatform 'WindowsClient'
[2020.12.07-15.52.43:284][  0]LogTargetPlatformManager: Display: Loaded TargetPlatform 'WindowsServer'
[2020.12.07-15.52.43:284][  0]LogTargetPlatformManager: Display: Building Assets For Windows
[2020.12.07-15.52.43:303][  0]LogAudioDebug: Display: Lib vorbis DLL was dynamically loaded.
[2020.12.07-15.52.43:438][  0]LogShaderCompilers: Guid format shader working directory is -5 characters bigger than the processId version (../../../../../../Users/raque/Desktop/DEV/practica3/Intermediate/Shaders/WorkingDirectory/5500/).
[2020.12.07-15.52.43:438][  0]LogShaderCompilers: Cleaned the shader compiler working directory 'C:/Users/raque/AppData/Local/Temp/UnrealShaderWorkingDir/DF5B2BCD4D9A22CAFCDBE680E9C15443/'.
[2020.12.07-15.52.43:439][  0]LogXGEController: Cleaning working directory: C:/Users/raque/AppData/Local/Temp/UnrealXGEWorkingDir/
[2020.12.07-15.52.43:440][  0]LogXGEController: Cannot use XGE Controller as Incredibuild is not installed on this machine.
[2020.12.07-15.52.43:440][  0]LogShaderCompilers: Cannot use XGE Shader Compiler as Incredibuild is not installed on this machine.
[2020.12.07-15.52.43:440][  0]LogShaderCompilers: Display: Using Local Shader Compiler.
[2020.12.07-15.52.44:875][  0]LogDerivedDataCache: Display: Max Cache Size: 512 MB
[2020.12.07-15.52.45:145][  0]LogDerivedDataCache: Loaded boot cache 0.27s 76MB C:/Users/raque/AppData/Local/UnrealEngine/4.25/DerivedDataCache/Boot.ddc.
[2020.12.07-15.52.45:145][  0]LogDerivedDataCache: Display: Loaded Boot cache: C:/Users/raque/AppData/Local/UnrealEngine/4.25/DerivedDataCache/Boot.ddc
[2020.12.07-15.52.45:145][  0]LogDerivedDataCache: FDerivedDataBackendGraph:  Pak pak cache file ../../../../../../Users/raque/Desktop/DEV/practica3/DerivedDataCache/DDC.ddp not found, will not use a pak cache.
[2020.12.07-15.52.45:145][  0]LogDerivedDataCache: Unable to find inner node Pak for hierarchical cache Hierarchy.
[2020.12.07-15.52.45:145][  0]LogDerivedDataCache: FDerivedDataBackendGraph:  CompressedPak pak cache file ../../../../../../Users/raque/Desktop/DEV/practica3/DerivedDataCache/Compressed.ddp not found, will not use a pak cache.
[2020.12.07-15.52.45:145][  0]LogDerivedDataCache: Unable to find inner node CompressedPak for hierarchical cache Hierarchy.
[2020.12.07-15.52.45:162][  0]LogDerivedDataCache: Display: Pak cache opened for reading ../../../Engine/DerivedDataCache/Compressed.ddp.
[2020.12.07-15.52.45:162][  0]LogDerivedDataCache: FDerivedDataBackendGraph:  EnterprisePak pak cache file ../../../Enterprise/DerivedDataCache/Compressed.ddp not found, will not use a pak cache.
[2020.12.07-15.52.45:162][  0]LogDerivedDataCache: Unable to find inner node EnterprisePak for hierarchical cache Hierarchy.
[2020.12.07-15.52.45:164][  0]LogDerivedDataCache: Using Local data cache path C:/Users/raque/AppData/Local/UnrealEngine/Common/DerivedDataCache: Writable
[2020.12.07-15.52.45:164][  0]LogDerivedDataCache: Shared data cache path not found in *engine.ini, will not use an Shared cache.
[2020.12.07-15.52.45:164][  0]LogDerivedDataCache: Unable to find inner node Shared for hierarchical cache Hierarchy.
[2020.12.07-15.52.45:250][  0]LogSlate: Using FreeType 2.10.0
[2020.12.07-15.52.45:251][  0]LogSlate: SlateFontServices - WITH_FREETYPE: 1, WITH_HARFBUZZ: 1
[2020.12.07-15.52.45:323][  0]LogAssetRegistry: FAssetRegistry took 0.0040 seconds to start up
[2020.12.07-15.52.45:782][  0]LogInit: Selected Device Profile: [Windows]
[2020.12.07-15.52.46:037][  0]LogMeshReduction: Using QuadricMeshReduction for automatic static mesh reduction
[2020.12.07-15.52.46:037][  0]LogMeshReduction: Using SimplygonMeshReduction for automatic skeletal mesh reduction
[2020.12.07-15.52.46:037][  0]LogMeshReduction: Using ProxyLODMeshReduction for automatic mesh merging
[2020.12.07-15.52.46:037][  0]LogMeshReduction: No distributed automatic mesh merging module available
[2020.12.07-15.52.46:037][  0]LogMeshMerging: No distributed automatic mesh merging module available
[2020.12.07-15.52.46:073][  0]LogNetVersion: practica3 1.0.0, NetCL: 13144385, EngineNetVer: 14, GameNetVer: 0 (Checksum: 294642547)
[2020.12.07-15.52.47:305][  0]LogAISub: UAISubsystem::UAISubsystem AISubsystem (00000272B2BDA700), frame # 0
[2020.12.07-15.52.47:305][  0]LogAISub: UAISubsystem::UAISubsystem AIPerceptionSystem (00000272B2B63B00), frame # 0
[2020.12.07-15.52.47:307][  0]LogAISub: UAISubsystem::UAISubsystem EnvQueryManager (00000272B2BC1C00), frame # 0
[2020.12.07-15.52.47:409][  0]LogPackageLocalizationCache: Processed 19 localized package path(s) for 1 prioritized culture(s) in 0.089404 seconds
[2020.12.07-15.52.47:416][  0]LogUObjectArray: 15917 objects as part of root set at end of initial load.
[2020.12.07-15.52.47:416][  0]LogUObjectAllocator: 3965568 out of 0 bytes used by permanent object pool.
[2020.12.07-15.52.47:416][  0]LogUObjectArray: CloseDisregardForGC: 0/0 objects in disregard for GC pool
[2020.12.07-15.52.48:166][  0]LogTcpMessaging: Initializing TcpMessaging bridge
[2020.12.07-15.52.48:174][  0]LogUdpMessaging: Initializing bridge on interface 0.0.0.0:0 to multicast group 230.0.0.1:6666.
[2020.12.07-15.52.48:342][  0]SourceControl: Source control is disabled
[2020.12.07-15.52.48:342][  0]SourceControl: Source control is disabled
[2020.12.07-15.52.48:350][  0]SourceControl: Source control is disabled
[2020.12.07-15.52.48:356][  0]SourceControl: Source control is disabled
[2020.12.07-15.52.48:369][  0]SourceControl: Source control is disabled
[2020.12.07-15.52.48:393][  0]LogVSAccessor: Display: Unable to create Visual Studio setup instance: 80040154
[2020.12.07-15.52.48:394][  0]LogVSAccessor: Display: Unable to create Visual Studio setup instance: 80040154
[2020.12.07-15.52.48:851][  0]LogAndroidPermission: UAndroidPermissionCallbackProxy::GetInstance
[2020.12.07-15.52.48:888][  0]LogAudioCaptureCore: Display: No Audio Capture implementations found. Audio input will be silent.
[2020.12.07-15.52.48:888][  0]LogAudioCaptureCore: Display: No Audio Capture implementations found. Audio input will be silent.
[2020.12.07-15.52.48:987][  0]LogOcInput: OculusInput pre-init called
[2020.12.07-15.52.49:007][  0]LogWindows: Failed to load 'OVRPlugin.dll' (GetLastError=126)
[2020.12.07-15.52.49:007][  0]LogWindows: File 'OVRPlugin.dll' does not exist
[2020.12.07-15.52.49:118][  0]LogEngine: Initializing Engine...
[2020.12.07-15.52.49:121][  0]LogHMD: Failed to initialize OpenVR with code 110
[2020.12.07-15.52.49:121][  0]LogMagicLeap: Warning: VR disabled because ZI is not enabled.  To enable, in the editor, Edit -> Project Settings -> Plugins -> Magic Leap Plugin -> Enable Zero Iteration
[2020.12.07-15.52.49:122][  0]LogStats: UGameplayTagsManager::InitializeManager -  0.000 s
[2020.12.07-15.52.49:376][  0]LogInit: Initializing FReadOnlyCVARCache
[2020.12.07-15.52.49:393][  0]LogAIModule: Creating AISystem for world Untitled
[2020.12.07-15.52.49:393][  0]LogAISub: UAISubsystem::UAISubsystem EnvQueryManager (00000272BCCCFC00), frame # 0
[2020.12.07-15.52.49:393][  0]LogAISub: UAISubsystem::UAISubsystem AIPerceptionSystem (00000272BCD44680), frame # 0
[2020.12.07-15.52.49:417][  0]LogAudioMixer: Display: Audio Mixer Platform Settings:
[2020.12.07-15.52.49:417][  0]LogAudioMixer: Display: 	Sample Rate:						  48000
[2020.12.07-15.52.49:417][  0]LogAudioMixer: Display: 	Callback Buffer Frame Size Requested: 1024
[2020.12.07-15.52.49:417][  0]LogAudioMixer: Display: 	Callback Buffer Frame Size To Use:	  1024
[2020.12.07-15.52.49:417][  0]LogAudioMixer: Display: 	Number of buffers to queue:			  2
[2020.12.07-15.52.49:417][  0]LogAudioMixer: Display: 	Max Channels (voices):				  32
[2020.12.07-15.52.49:417][  0]LogAudioMixer: Display: 	Number of Async Source Workers:		  0
[2020.12.07-15.52.49:417][  0]LogAudio: Display: AudioDevice MaxSources: 32
[2020.12.07-15.52.49:417][  0]LogAudio: Display: Using built-in audio occlusion.
[2020.12.07-15.52.49:417][  0]LogAudioMixer: Display: Initializing audio mixer.
[2020.12.07-15.52.49:437][  0]LogAudioMixer: Display: 0: FrontLeft
[2020.12.07-15.52.49:437][  0]LogAudioMixer: Display: 1: FrontRight
[2020.12.07-15.52.49:495][  0]LogAudioMixer: Display: Using Audio Device Altavoces (High Definition Audio Device)
[2020.12.07-15.52.49:499][  0]LogAudioMixer: Display: Initializing Sound Submixes...
[2020.12.07-15.52.49:505][  0]LogAudioMixer: Display: Creating Master Submix 'MasterSubmixDefault'
[2020.12.07-15.52.49:505][  0]LogAudioMixer: Display: Creating Master Submix 'MasterReverbSubmixDefault'
[2020.12.07-15.52.49:506][  0]LogAudioMixer: Display: Creating Master Submix 'MasterEQSubmixDefault'
[2020.12.07-15.52.49:507][  0]LogInit: FAudioDevice initialized.
[2020.12.07-15.52.49:508][  0]LogNetVersion: Set ProjectVersion to 1.0.0.0. Version Checksum will be recalculated on next use.
[2020.12.07-15.52.49:713][  0]LogDerivedDataCache: Saved boot cache 0.20s 76MB C:/Users/raque/AppData/Local/UnrealEngine/4.25/DerivedDataCache/Boot.ddc.
[2020.12.07-15.52.49:727][  0]LogInit: Texture streaming: Enabled
[2020.12.07-15.52.49:790][  0]LogEngineSessionManager: EngineSessionManager initialized
[2020.12.07-15.52.49:791][  0]LogEngineSessionManager: EngineSessionManager sent abnormal shutdown report. Type=AbnormalShutdown, SessionId={4CABEEA4-4E2A-8619-1280-05B8CA3EFE6F}
[2020.12.07-15.52.49:791][  0]LogEditorSessionSummary: Verbose: Initializing EditorSessionSummaryWriter for editor session tracking
[2020.12.07-15.52.49:795][  0]LogEditorSessionSummary: EditorSessionSummaryWriter initialized
[2020.12.07-15.52.49:999][  0]LogInit: Transaction tracking system initialized
[2020.12.07-15.52.50:055][  0]BlueprintLog: New page: Editor Load
[2020.12.07-15.52.50:212][  0]LocalizationService: Localization service is disabled
[2020.12.07-15.52.50:406][  0]LogVSAccessor: Display: Unable to create Visual Studio setup instance: 80040154
[2020.12.07-15.52.50:408][  0]LogVSAccessor: Display: Unable to create Visual Studio setup instance: 80040154
[2020.12.07-15.52.50:665][  0]LogCook: Display: Max memory allowance for cook 16384mb min free memory 0mb
[2020.12.07-15.52.50:665][  0]LogCook: Display: Mobile HDR setting 1
[2020.12.07-15.52.51:101][  0]LogFileCache: Scanning file cache for directory 'C:/Users/raque/Desktop/DEV/practica3/Content/' took 0.12s
[2020.12.07-15.52.51:652][  0]SourceControl: Source control is disabled
[2020.12.07-15.52.51:652][  0]LogUnrealEdMisc: Loading editor; pre map load, took 16.967
[2020.12.07-15.52.51:652][  0]Cmd: MAP LOAD FILE="../../../../../../Users/raque/Desktop/DEV/practica3/Content/Maps/MainMenu.umap" TEMPLATE=0 SHOWPROGRESS=1 FEATURELEVEL=3
[2020.12.07-15.52.51:654][  0]LightingResults: New page: Lighting Build
[2020.12.07-15.52.51:656][  0]LogWorld: UWorld::CleanupWorld for Untitled, bSessionEnded=true, bCleanupResources=true
[2020.12.07-15.52.51:656][  0]LogSlate: InvalidateAllWidgets triggered.  All widgets were invalidated
[2020.12.07-15.52.51:656][  0]MapCheck: New page: Map Check
[2020.12.07-15.52.51:656][  0]LightingResults: New page: Lighting Build
[2020.12.07-15.52.51:671][  0]LogAISub: UAISubsystem::~UAISubsystem EnvQueryManager (00000272BCCCFC00), frame # 0
[2020.12.07-15.52.51:671][  0]LogAISub: UAISubsystem::~UAISubsystem AIPerceptionSystem (00000272BCD44680), frame # 0
[2020.12.07-15.52.51:673][  0]LogUObjectHash: Compacting FUObjectHashTables data took   1.20ms
[2020.12.07-15.52.52:282][  0]LogAIModule: Creating AISystem for world MainMenu
[2020.12.07-15.52.52:282][  0]LogAISub: UAISubsystem::UAISubsystem EnvQueryManager (00000272AB3F7E00), frame # 0
[2020.12.07-15.52.52:283][  0]LogAISub: UAISubsystem::UAISubsystem AIPerceptionSystem (00000272AB41BB00), frame # 0
[2020.12.07-15.52.52:284][  0]LogEditorServer: Finished looking for orphan Actors (0.000 secs)
[2020.12.07-15.52.52:306][  0]LogUObjectHash: Compacting FUObjectHashTables data took   1.39ms
[2020.12.07-15.52.52:307][  0]Cmd: MAP CHECKDEP NOCLEARLOG
[2020.12.07-15.52.52:307][  0]MapCheck: Map check complete: 0 Error(s), 0 Warning(s), took 0,343ms to complete.
[2020.12.07-15.52.52:308][  0]LogFileHelpers: Loading map 'MainMenu' took 0.655
[2020.12.07-15.52.52:311][  0]LogUnrealEdMisc: Total Editor Startup Time, took 17.625
[2020.12.07-15.52.52:483][  0]LogSlate: Updating window title bar state: overlay mode, drag disabled, window buttons hidden, title bar hidden
[2020.12.07-15.52.52:496][  0]LogSlate: Updating window title bar state: overlay mode, drag disabled, window buttons hidden, title bar hidden
[2020.12.07-15.52.52:507][  0]LogSlate: Updating window title bar state: overlay mode, drag disabled, window buttons hidden, title bar hidden
[2020.12.07-15.52.52:518][  0]LogSlate: Updating window title bar state: overlay mode, drag disabled, window buttons hidden, title bar hidden
[2020.12.07-15.52.52:529][  0]LogCollectionManager: Loaded 0 collections in 0.002279 seconds
[2020.12.07-15.52.52:553][  0]LogFileCache: Scanning file cache for directory 'C:/Users/raque/Desktop/DEV/practica3/Saved/Collections/' took 0.00s
[2020.12.07-15.52.52:553][  0]LogFileCache: Scanning file cache for directory 'C:/Users/raque/Desktop/DEV/practica3/Content/Developers/raque/Collections/' took 0.00s
[2020.12.07-15.52.52:553][  0]LogFileCache: Scanning file cache for directory 'C:/Users/raque/Desktop/DEV/practica3/Content/Collections/' took 0.00s
[2020.12.07-15.52.52:553][  0]LogContentBrowser: Native class hierarchy populated in 0.0131 seconds. Added 3427 classes and 821 folders.
[2020.12.07-15.52.52:559][  0]LogContentBrowser: Native class hierarchy updated for 'WidgetCarousel' in 0.0005 seconds. Added 0 classes and 0 folders.
[2020.12.07-15.52.52:757][  0]LogContentBrowser: Native class hierarchy updated for 'AddContentDialog' in 0.0004 seconds. Added 0 classes and 0 folders.
[2020.12.07-15.52.52:758][  0]LogContentBrowser: Native class hierarchy updated for 'SceneOutliner' in 0.0005 seconds. Added 2 classes and 0 folders.
[2020.12.07-15.52.52:938][  0]LogSlate: Took 0.000944 seconds to synchronously load lazily loaded font '../../../Engine/Content/Slate/Fonts/Roboto-Regular.ttf' (155K)
[2020.12.07-15.52.52:946][  0]LogSlate: Took 0.003078 seconds to synchronously load lazily loaded font '../../../Engine/Content/Slate/Fonts/Roboto-Bold.ttf' (160K)
[2020.12.07-15.52.52:964][  0]LogSlate: Took 0.001522 seconds to synchronously load lazily loaded font '../../../Engine/Content/Editor/Slate/Fonts/FontAwesome.ttf' (139K)
[2020.12.07-15.52.53:169][  0]LogRenderer: Reallocating scene render targets to support 992x472 Format 10 NumSamples 1 (Frame:1).
[2020.12.07-15.52.53:446][  0]LogContentBrowser: Native class hierarchy updated for 'HierarchicalLODOutliner' in 0.0007 seconds. Added 0 classes and 0 folders.
[2020.12.07-15.52.53:446][  0]LogLoad: (Engine Initialization) Total time: 18.76 seconds
[2020.12.07-15.52.53:446][  0]LogLoad: (Engine Initialization) Total Blueprint compile time: 0.00 seconds
[2020.12.07-15.52.54:083][  0]LogContentStreaming: Texture pool size now 1000 MB
[2020.12.07-15.52.54:133][  0]LogSlate: Took 0.001051 seconds to synchronously load lazily loaded font '../../../Engine/Content/Slate/Fonts/Roboto-Light.ttf' (167K)
[2020.12.07-15.52.54:168][  1]LogFileCache: Retrieving MD5 hashes for directory 'C:/Users/raque/Desktop/DEV/practica3/Content/' took 0.14s
[2020.12.07-15.52.54:487][  7]LogAssetRegistry: Asset discovery search completed in 9.1649 seconds
[2020.12.07-15.52.54:505][  7]LogCollectionManager: Fixed up redirectors for 0 collections in 0.000006 seconds (updated 0 objects)
[2020.12.07-15.53.01:791][135]LogSlate: Took 0.000476 seconds to synchronously load lazily loaded font '../../../Engine/Content/Slate/Fonts/Roboto-Light.ttf' (167K)
[2020.12.07-15.53.01:853][135]LogAudioDerivedData: Display: Building compressed audio format OGG hash OGG10000-1-1-1-1-1 wave WAV_IDA_-_Danger_Loop...
[2020.12.07-15.53.01:855][135]LogAudioDerivedData: Display: Compression Quality for SoundWave /Game/IDA_Music_Pack/Wavs/WAV_IDA_-_Danger_Loop.WAV_IDA_-_Danger_Loop will be modified from 40 to 40.
[2020.12.07-15.53.02:392][135]LogAudioDerivedData: Display: Updated SoundWave->RawPCMDataSize from 0 to 2471292 while cooking SoundWave /Game/IDA_Music_Pack/Wavs/WAV_IDA_-_Danger_Loop.WAV_IDA_-_Danger_Loop.
[2020.12.07-15.53.02:400][135]LogAudioDerivedData: Display: Building compressed audio format OGG hash OGG10000-1-1-1-1-1 wave WAV_IDA_-_High_Intensity_Loop...
[2020.12.07-15.53.02:437][135]LogAudioDerivedData: Display: Compression Quality for SoundWave /Game/IDA_Music_Pack/Wavs/WAV_IDA_-_High_Intensity_Loop.WAV_IDA_-_High_Intensity_Loop will be modified from 40 to 40.
[2020.12.07-15.53.05:717][135]LogAudioDerivedData: Display: Updated SoundWave->RawPCMDataSize from 0 to 23035904 while cooking SoundWave /Game/IDA_Music_Pack/Wavs/WAV_IDA_-_High_Intensity_Loop.WAV_IDA_-_High_Intensity_Loop.
[2020.12.07-15.53.05:755][135]LogAudioDerivedData: Display: Building compressed audio format OGG hash OGG10000-1-1-1-1-1 wave WAV_IDA_-_Low_Intensity_Loop...
[2020.12.07-15.53.05:788][135]LogAudioDerivedData: Display: Compression Quality for SoundWave /Game/IDA_Music_Pack/Wavs/WAV_IDA_-_Low_Intensity_Loop.WAV_IDA_-_Low_Intensity_Loop will be modified from 40 to 40.
[2020.12.07-15.53.08:875][135]LogAudioDerivedData: Display: Updated SoundWave->RawPCMDataSize from 0 to 22839296 while cooking SoundWave /Game/IDA_Music_Pack/Wavs/WAV_IDA_-_Low_Intensity_Loop.WAV_IDA_-_Low_Intensity_Loop.
[2020.12.07-15.53.08:893][135]LogAudioDerivedData: Display: Building compressed audio format OGG hash OGG10000-1-1-1-1-1 wave WAV_IDA_-_Main_Theme_Loop...
[2020.12.07-15.53.08:906][135]LogAudioDerivedData: Display: Compression Quality for SoundWave /Game/IDA_Music_Pack/Wavs/WAV_IDA_-_Main_Theme_Loop.WAV_IDA_-_Main_Theme_Loop will be modified from 40 to 40.
[2020.12.07-15.53.10:709][135]LogAudioDerivedData: Display: Updated SoundWave->RawPCMDataSize from 0 to 12599296 while cooking SoundWave /Game/IDA_Music_Pack/Wavs/WAV_IDA_-_Main_Theme_Loop.WAV_IDA_-_Main_Theme_Loop.
[2020.12.07-15.53.10:721][135]LogAudioDerivedData: Display: Building compressed audio format OGG hash OGG10000-1-1-1-1-1 wave WAV_IDA_-_Medium_Intensity...
[2020.12.07-15.53.10:762][135]LogAudioDerivedData: Display: Compression Quality for SoundWave /Game/IDA_Music_Pack/Wavs/WAV_IDA_-_Medium_Intensity.WAV_IDA_-_Medium_Intensity will be modified from 40 to 40.
[2020.12.07-15.53.15:307][135]LogAudioDerivedData: Display: Updated SoundWave->RawPCMDataSize from 0 to 33281992 while cooking SoundWave /Game/IDA_Music_Pack/Wavs/WAV_IDA_-_Medium_Intensity.WAV_IDA_-_Medium_Intensity.
[2020.12.07-15.53.15:325][135]LogAudioDerivedData: Display: Building compressed audio format OGG hash OGG10000-1-1-1-1-1 wave WAV_IDA_-_Postive_Event_Loop...
[2020.12.07-15.53.15:340][135]LogAudioDerivedData: Display: Compression Quality for SoundWave /Game/IDA_Music_Pack/Wavs/WAV_IDA_-_Postive_Event_Loop.WAV_IDA_-_Postive_Event_Loop will be modified from 40 to 40.
[2020.12.07-15.53.17:114][135]LogAudioDerivedData: Display: Updated SoundWave->RawPCMDataSize from 0 to 12582912 while cooking SoundWave /Game/IDA_Music_Pack/Wavs/WAV_IDA_-_Postive_Event_Loop.WAV_IDA_-_Postive_Event_Loop.
[2020.12.07-15.53.17:124][135]LogAudioDerivedData: Display: Building compressed audio format OGG hash OGG10000-1-1-1-1-1 wave WAV_UI_IDA_-_Event_Stinger...
[2020.12.07-15.53.17:125][135]LogAudioDerivedData: Display: Compression Quality for SoundWave /Game/IDA_Music_Pack/Wavs/WAV_UI_IDA_-_Event_Stinger.WAV_UI_IDA_-_Event_Stinger will be modified from 40 to 40.
[2020.12.07-15.53.17:290][135]LogAudioDerivedData: Display: Updated SoundWave->RawPCMDataSize from 0 to 1105920 while cooking SoundWave /Game/IDA_Music_Pack/Wavs/WAV_UI_IDA_-_Event_Stinger.WAV_UI_IDA_-_Event_Stinger.
[2020.12.07-15.53.17:417][135]LogAnimationCompression: Building Anim DDC data for AnimSequence /Game/GKnight/Animation/ANIM_GKnight_Pose.ANIM_GKnight_Pose
[2020.12.07-15.53.20:143][135]LogTexture: Display: Building textures: T_GothicKnight_Sword_ORM (AutoDXT, 512X2048)
[2020.12.07-15.53.20:143][135]LogTexture: Display: Building textures: T_GothicKnight_Sword_N (BC5, 512X2048)
[2020.12.07-15.53.20:143][135]LogTexture: Display: Building textures: T_GothicKnight_Sword_ID (AutoDXT, 512X2048)
[2020.12.07-15.53.20:143][135]LogTexture: Display: Building textures: T_GothicKnight_Sword_D (AutoDXT, 512X2048)
[2020.12.07-15.53.20:143][135]LogTexture: Display: Building textures: T_SecondReflection_mkt (RGBA16F, 1024X512)
[2020.12.07-15.53.20:143][135]LogTexture: Display: Building textures: T_EyeScleraBaseColor_mkt (AutoDXT, 1024X1024)
[2020.12.07-15.53.20:143][135]LogTexture: Display: Building textures: T_BaseMaterial_v01_N (BC5, 1024X1024)
[2020.12.07-15.53.20:583][135]LogTexture: Display: Building textures: T_BaseMaterial_v01_D (AutoDXT, 1024X1024)
[2020.12.07-15.53.22:742][135]LogTexture: Display: Building textures: T_EyeNormals_MKT (BC5, 1024X1024)
[2020.12.07-15.53.22:742][135]LogTexture: Display: Building textures: T_EyeDisplacement_MKT (RGBA16F, 1024X1024)
[2020.12.07-15.53.22:742][135]LogTexture: Display: Building textures: T_EyeBaseColorA_mkt (AutoDXT, 1024X1024)
[2020.12.07-15.53.22:844][135]LogTexture: Display: Building textures: T_BaseMaterial_v01_ORM (AutoDXT, 1024X1024)
[2020.12.07-15.53.24:741][135]LogTexture: Display: Building textures: T_Eye_Wet_Normal_MKT (BC5, 1024X1024)
[2020.12.07-15.53.24:754][135]LogTexture: Display: Building textures: T_PoliceOfficer_04_skin_ORM (AutoDXT, 2048X2048)
[2020.12.07-15.53.24:765][135]LogTexture: Display: Building textures: checker (AutoDXT, 512X512)
[2020.12.07-15.53.24:905][135]LogTexture: Display: Building textures: T_BaseMaterial_v01_ID (AutoDXT, 1024X1024)
[2020.12.07-15.53.25:249][135]LogTexture: Display: Building textures: T_CoatOfArm_02 (AutoDXT, 1024X1024)
[2020.12.07-15.53.25:734][135]LogTexture: Display: Building textures: T_CoatOfArm_04_1 (AutoDXT, 512X512)
[2020.12.07-15.53.26:267][135]LogTexture: Display: Building textures: T_detailMap01_n (BC5, 256X256)
[2020.12.07-15.53.26:293][135]LogMaterial: Display: Missing cached shader map for material M_MKT_MasterMaterial_v02, compiling. 
[2020.12.07-15.53.26:489][135]LogShaderCompilers: Display: Worker (1/3): shaders left to compile 63
[2020.12.07-15.53.26:489][135]LogShaderCompilers: Display: Worker (2/3): shaders left to compile 53
[2020.12.07-15.53.26:489][135]LogShaderCompilers: Display: Worker (3/3): shaders left to compile 43
[2020.12.07-15.53.26:489][135]LogTexture: Display: Building textures: T_FlatMid (AutoDXT, 512X512)
[2020.12.07-15.53.27:055][135]LogMaterial: Display: Missing cached shader map for material M_MKT_MasterMaterial_v02, compiling. 
[2020.12.07-15.53.27:231][135]LogStaticMesh: Building static mesh SM_WP_GothicKnight_Sword...
[2020.12.07-15.53.27:299][135]LogStaticMesh: Built static mesh [0.07s] /Game/GKnight/Meshes/Weapon/SM_WP_GothicKnight_Sword.SM_WP_GothicKnight_Sword
[2020.12.07-15.53.27:309][135]LogSkeletalMesh: Building Skeletal Mesh SK_GothicKnight_VF...
[2020.12.07-15.53.27:513][135]LogSkeletalMesh: Built Skeletal Mesh [0.20s] /Game/GKnight/Meshes/SK_GothicKnight_VF.SK_GothicKnight_VF
[2020.12.07-15.53.27:515][135]LogSkeletalMesh: Building Skeletal Mesh SK_GothicKnight_VE...
[2020.12.07-15.53.27:767][135]LogSkeletalMesh: Built Skeletal Mesh [0.25s] /Game/GKnight/Meshes/SK_GothicKnight_VE.SK_GothicKnight_VE
[2020.12.07-15.53.27:770][135]LogSkeletalMesh: Building Skeletal Mesh SK_GothicKnight_VD...
[2020.12.07-15.53.28:062][135]LogSkeletalMesh: Built Skeletal Mesh [0.29s] /Game/GKnight/Meshes/SK_GothicKnight_VD.SK_GothicKnight_VD
[2020.12.07-15.53.28:063][135]LogSkeletalMesh: Building Skeletal Mesh SK_GothicKnight_VC...
[2020.12.07-15.53.28:220][135]LogSkeletalMesh: Built Skeletal Mesh [0.16s] /Game/GKnight/Meshes/SK_GothicKnight_VC.SK_GothicKnight_VC
[2020.12.07-15.53.28:223][135]LogSkeletalMesh: Building Skeletal Mesh SK_GothicKnight_VB...
[2020.12.07-15.53.28:380][135]LogSkeletalMesh: Built Skeletal Mesh [0.16s] /Game/GKnight/Meshes/SK_GothicKnight_VB.SK_GothicKnight_VB
[2020.12.07-15.53.28:382][135]LogSkeletalMesh: Building Skeletal Mesh SK_GothicKnight_VA...
[2020.12.07-15.53.28:649][135]LogSkeletalMesh: Built Skeletal Mesh [0.27s] /Game/GKnight/Meshes/SK_GothicKnight_VA.SK_GothicKnight_VA
[2020.12.07-15.53.28:956][135]LogTexture: Display: Building textures: T_GothicKnight_Pants_D (AutoDXT, 2048X2048)
[2020.12.07-15.53.37:730][135]LogTexture: Display: Building textures: T_PoliceOfficer_04_skin_N (BC5, 2048X2048)
[2020.12.07-15.53.37:730][135]LogTexture: Display: Building textures: T_PoliceOfficer_04_skin_D (AutoDXT, 2048X2048)
[2020.12.07-15.53.37:995][135]LogTexture: Display: Building textures: T_GothicKnight_Pants_ID (AutoDXT, 2048X2048)
[2020.12.07-15.53.50:792][135]LogTexture: Display: Building textures: T_GHead_B_ORM (AutoDXT, 2048X2048)
[2020.12.07-15.53.50:793][135]LogTexture: Display: Building textures: T_GHead_B_N (BC5, 2048X2048)
[2020.12.07-15.53.50:793][135]LogTexture: Display: Building textures: T_GHead_B_D (AutoDXT, 2048X2048)
[2020.12.07-15.53.51:182][135]LogTexture: Display: Building textures: T_GothicKnight_Pants_N (BC5, 2048X2048)
[2020.12.07-15.53.53:170][135]LogTexture: Display: Building textures: T_GothicKnight_Pants_ORM (AutoDXT, 2048X2048)
[2020.12.07-15.54.04:045][135]LogTexture: Display: Building textures: T_GothicKnight_CapeD_D (AutoDXT, 2048X2048)
[2020.12.07-15.54.04:045][135]LogTexture: Display: Building textures: T_Pattern_E (AutoDXT, 512X512)
[2020.12.07-15.54.04:045][135]LogTexture: Display: Building textures: T_GothicKnight_CapeB_D (AutoDXT, 2048X2048)
[2020.12.07-15.54.04:050][135]LogSkeletalMesh: Building Skeletal Mesh SK_GothicKnight_Pants...
[2020.12.07-15.54.04:067][135]LogSkeletalMesh: Built Skeletal Mesh [0.02s] /Game/GKnight/Meshes/Parts/SK_GothicKnight_Pants.SK_GothicKnight_Pants
[2020.12.07-15.54.04:260][135]LogTexture: Display: Building textures: T_GothicKnight_Helmet_D (AutoDXT, 2048X2048)
[2020.12.07-15.54.08:657][135]LogTexture: Display: Building textures: T_GothicKnight_Cape_ORM (AutoDXT, 2048X2048)
[2020.12.07-15.54.08:836][135]LogTexture: Display: Building textures: T_GothicKnight_Helmet_ID (AutoDXT, 2048X2048)
[2020.12.07-15.54.19:925][135]LogTexture: Display: Building textures: T_GothicKnight_Cape_N (BC5, 2048X2048)
[2020.12.07-15.54.19:925][135]LogTexture: Display: Building textures: T_GothicKnight_Cape_ID (AutoDXT, 2048X2048)
[2020.12.07-15.54.19:925][135]LogTexture: Display: Building textures: T_CoatOfArm_Zero (AutoDXT, 128X128)
[2020.12.07-15.54.19:925][135]LogTexture: Display: Building textures: T_GothicKnight_SkirtB_D (AutoDXT, 1024X1024)
[2020.12.07-15.54.19:925][135]LogTexture: Display: Building textures: T_GothicKnight_Skirt_N (BC5, 1024X1024)
[2020.12.07-15.54.19:926][135]LogTexture: Display: Building textures: T_GothicKnight_Skirt_ID (AutoDXT, 1024X1024)
[2020.12.07-15.54.19:926][135]LogTexture: Display: Building textures: T_Denim_d (AutoDXT, 512X512)
[2020.12.07-15.54.19:926][135]LogTexture: Display: Building textures: T_GothicKnight_Helmet_ORM (AutoDXT, 2048X2048)
[2020.12.07-15.54.20:269][135]LogTexture: Display: Building textures: T_GothicKnight_Helmet_N (BC5, 2048X2048)
[2020.12.07-15.54.24:023][135]LogTexture: Display: Building textures: T_GothicKnight_Glove_ORM (AutoDXT, 2048X2048)
[2020.12.07-15.54.24:023][135]LogSkeletalMesh: Building Skeletal Mesh SK_GothicKnight_Helmet...
[2020.12.07-15.54.24:028][135]LogSkeletalMesh: Built Skeletal Mesh [0.01s] /Game/GKnight/Meshes/Parts/SK_GothicKnight_Helmet.SK_GothicKnight_Helmet
[2020.12.07-15.54.24:032][135]LogMaterial: Display: Missing cached shader map for material M_Skin_Master, compiling. 
[2020.12.07-15.54.24:089][135]LogMaterial: Display: Missing cached shader map for material M_Eye, compiling. 
[2020.12.07-15.54.24:307][135]LogSkeletalMesh: Building Skeletal Mesh SK_GothicKnight_Head...
[2020.12.07-15.54.24:326][135]LogSkeletalMesh: Built Skeletal Mesh [0.02s] /Game/GKnight/Meshes/Parts/SK_GothicKnight_Head.SK_GothicKnight_Head
[2020.12.07-15.54.24:328][135]LogSkeletalMesh: Building Skeletal Mesh SK_GothicKnight_Hands...
[2020.12.07-15.54.24:404][135]LogTexture: Display: Building textures: T_GothicKnight_Glove_N (BC5, 2048X2048)
[2020.12.07-15.54.24:404][135]LogSkeletalMesh: Built Skeletal Mesh [0.08s] /Game/GKnight/Meshes/Parts/SK_GothicKnight_Hands.SK_GothicKnight_Hands
[2020.12.07-15.54.24:404][135]LogSkeletalMesh: Building Skeletal Mesh SK_GothicKnight_CapeFur...
[2020.12.07-15.54.24:436][135]LogSkeletalMesh: Built Skeletal Mesh [0.03s] /Game/GKnight/Meshes/Parts/SK_GothicKnight_CapeFur.SK_GothicKnight_CapeFur
[2020.12.07-15.54.24:444][135]LogMaterial: Display: Missing cached shader map for material M_MKT_MasterMaterial_v02, compiling. 
[2020.12.07-15.54.24:774][135]LogMaterial: Display: Missing cached shader map for material M_MKT_MasterMaterial_v02, compiling. 
[2020.12.07-15.54.24:949][135]LogSkeletalMesh: Building Skeletal Mesh SK_GothicKnight_Cape...
[2020.12.07-15.54.24:955][135]LogSkeletalMesh: Built Skeletal Mesh [0.01s] /Game/GKnight/Meshes/Parts/SK_GothicKnight_Cape.SK_GothicKnight_Cape
[2020.12.07-15.54.24:957][135]LogSkeletalMesh: Building Skeletal Mesh SK_GothicKnight_GloveFur...
[2020.12.07-15.54.25:053][135]LogSkeletalMesh: Built Skeletal Mesh [0.10s] /Game/GKnight/Meshes/Parts/SK_GothicKnight_GloveFur.SK_GothicKnight_GloveFur
[2020.12.07-15.54.25:269][135]LogTexture: Display: Building textures: T_GothicKnight_Glove_D (AutoDXT, 2048X2048)
[2020.12.07-15.54.46:795][135]LogTexture: Display: Building textures: T_GothicKnight_Glove_ID (AutoDXT, 2048X2048)
[2020.12.07-15.54.46:795][135]LogTexture: Display: Building textures: T_GothicKnight_Body_ORM (AutoDXT, 2048X2048)
[2020.12.07-15.54.46:795][135]LogTexture: Display: Building textures: T_GothicKnight_Body_N (BC5, 2048X2048)
[2020.12.07-15.54.46:795][135]LogTexture: Display: Building textures: T_GothicKnight_Body_ID (AutoDXT, 2048X2048)
[2020.12.07-15.54.46:795][135]LogTexture: Display: Building textures: T_GothicKnight_Body_D (AutoDXT, 2048X2048)
[2020.12.07-15.54.46:813][135]LogSkeletalMesh: Building Skeletal Mesh SK_GothicKnight_Glove...
[2020.12.07-15.54.47:175][135]LogTexture: Display: Building textures: HQ_Lightmap0_1 (AutoDXT, 256X256)
[2020.12.07-15.54.47:175][135]LogTexture: Display: Building textures: HQ_Lightmap0_2 (AutoDXT, 64X64)
[2020.12.07-15.54.47:175][135]LogTexture: Display: Building textures: LQ_Lightmap_0_1 (DXT1, 256X256)
[2020.12.07-15.54.47:176][135]LogTexture: Display: Building textures: LQ_Lightmap_0_2 (DXT1, 64X64)
[2020.12.07-15.54.47:178][135]LogTexture: Display: Building textures: ShadowMapTexture2D_0 (G8, 128X128)
[2020.12.07-15.54.47:178][135]LogTexture: Display: Building textures: ShadowMapTexture2D_1 (G8, 32X32)
[2020.12.07-15.54.47:178][135]LogSkeletalMesh: Built Skeletal Mesh [0.36s] /Game/GKnight/Meshes/Parts/SK_GothicKnight_Glove.SK_GothicKnight_Glove
[2020.12.07-15.54.48:353][135]LogTexture: Display: Building textures: T_T_FurBear_RMOC (AutoDXT, 2048X2048)
[2020.12.07-15.54.48:353][135]LogTexture: Display: Building textures: T_T_FurBear_N (BC5, 2048X2048)
[2020.12.07-15.54.48:353][135]LogTexture: Display: Building textures: T_T_FurBear_D (AutoDXT, 2048X2048)
[2020.12.07-15.55.02:533][135]LogTexture: Display: Building textures: T_T_FurBear_H (AutoDXT, 2048X2048)
[2020.12.07-15.55.02:623][135]LogMaterial: Display: Missing cached shader map for material M_Master_FurAndHair, compiling. 
[2020.12.07-15.55.02:946][135]LogSkeletalMesh: Building Skeletal Mesh SK_GothicKnight_BodySkirtShort...
[2020.12.07-15.55.03:024][135]LogSkeletalMesh: Built Skeletal Mesh [0.08s] /Game/GKnight/Meshes/Parts/SK_GothicKnight_BodySkirtShort.SK_GothicKnight_BodySkirtShort
[2020.12.07-15.55.03:030][135]LogSkeletalMesh: Building Skeletal Mesh SK_GothicKnight_BodySkirtLong...
[2020.12.07-15.55.03:104][135]LogSkeletalMesh: Built Skeletal Mesh [0.07s] /Game/GKnight/Meshes/Parts/SK_GothicKnight_BodySkirtLong.SK_GothicKnight_BodySkirtLong
[2020.12.07-15.55.03:109][135]LogSkeletalMesh: Building Skeletal Mesh SK_GothicKnight_Body...
[2020.12.07-15.55.03:154][135]LogSkeletalMesh: Built Skeletal Mesh [0.04s] /Game/GKnight/Meshes/Parts/SK_GothicKnight_Body.SK_GothicKnight_Body
[2020.12.07-15.55.03:186][135]LogMaterial: Display: Missing cached shader map for material M_env2, compiling. 
[2020.12.07-15.55.03:385][135]LogTexture: Display: Building textures: HQ_Lightmap0_2 (AutoDXT, 64X64)
[2020.12.07-15.55.03:385][135]LogTexture: Display: Building textures: HQ_Lightmap0_1 (AutoDXT, 256X256)
[2020.12.07-15.55.03:385][135]LogTexture: Display: Building textures: LQ_Lightmap_0_1 (DXT1, 256X256)
[2020.12.07-15.55.03:385][135]LogTexture: Display: Building textures: LQ_Lightmap_0_2 (DXT1, 64X64)
[2020.12.07-15.55.03:385][135]LogTexture: Display: Building textures: ShadowMapTexture2D_0 (BGRA8, 256X128)
[2020.12.07-15.55.03:385][135]LogMaterial: Display: Missing cached shader map for material M_env, compiling. 
[2020.12.07-15.55.14:980][135]LogTexture: Display: Building textures: T_GHead_E_D (AutoDXT, 2048X2048)
[2020.12.07-15.55.14:980][135]LogTexture: Display: Building textures: T_GHead_E_N (BC5, 2048X2048)
[2020.12.07-15.55.14:980][135]LogTexture: Display: Building textures: T_GHead_E_ORM (AutoDXT, 2048X2048)
[2020.12.07-15.55.16:186][135]LogTexture: Display: Building textures: T_EyeBaseColorB_mkt (AutoDXT, 1024X1024)
[2020.12.07-15.55.16:535][135]LogTexture: Display: Building textures: T_Eye_Wet_Normal (BC5, 1024X1024)
[2020.12.07-15.55.16:614][135]LogStaticMesh: Building static mesh LP...
[2020.12.07-15.55.16:668][135]LogStaticMesh: Built static mesh [0.05s] /Game/GKnight/Materials/TestSphere/Mesh/LP.LP
[2020.12.07-15.55.17:009][135]LogTexture: Display: Building textures: T_CoatOfArm_05 (AutoDXT, 1024X1024)
[2020.12.07-15.55.31:030][135]LogTexture: Display: Building textures: T_GothicKnight_CapeC_D (AutoDXT, 2048X2048)
[2020.12.07-15.55.44:994][135]LogTexture: Display: Building textures: T_GothicKnight_Cape_D (AutoDXT, 2048X2048)
[2020.12.07-15.55.44:994][135]LogAudioMixer: Display: Audio Buffer Underrun detected.
[2020.12.07-15.55.49:280][135]LogTexture: Display: Building textures: T_GothicKnight_Skirt_D (AutoDXT, 1024X1024)
[2020.12.07-15.55.49:825][135]LogTexture: Display: Building textures: T_Blue (AutoDXT, 512X512)
[2020.12.07-15.55.50:370][135]LogTexture: Display: Building textures: T_Pattern_A (AutoDXT, 512X512)
[2020.12.07-15.55.50:995][135]LogTexture: Display: Building textures: T_Pattern_B (AutoDXT, 512X512)
[2020.12.07-15.55.51:625][135]LogTexture: Display: Building textures: T_Pattern_D (AutoDXT, 512X512)
[2020.12.07-15.55.52:048][135]LogTexture: Display: Building textures: T_Pattern_F (AutoDXT, 512X512)
[2020.12.07-15.55.52:243][135]LogMetaData: Removing '/Game/ContenidoDescargado/IDA_Music_Pack/Cues/CUE_IDA_-_Danger_Loop_Cue.CUE_IDA_-_Danger_Loop_Cue:SoundCueGraph_0.SoundCueGraphNode_Root_0' ref from Metadata '/Game/IDA_Music_Pack/Cues/CUE_IDA_-_Danger_Loop_Cue.PackageMetaData'
[2020.12.07-15.55.52:289][135]LogMetaData: Removing '/Game/ContenidoDescargado/IDA_Music_Pack/Cues/CUE_IDA_-_High_Intensity_Loop_Cue.CUE_IDA_-_High_Intensity_Loop_Cue:SoundCueGraph_0.SoundCueGraphNode_Root_0' ref from Metadata '/Game/IDA_Music_Pack/Cues/CUE_IDA_-_High_Intensity_Loop_Cue.PackageMetaData'
[2020.12.07-15.55.52:361][135]LogMetaData: Removing '/Game/ContenidoDescargado/IDA_Music_Pack/Cues/CUE_IDA_-_Low_Intensity_Loop_Cue.CUE_IDA_-_Low_Intensity_Loop_Cue:SoundCueGraph_0.SoundCueGraphNode_Root_0' ref from Metadata '/Game/IDA_Music_Pack/Cues/CUE_IDA_-_Low_Intensity_Loop_Cue.PackageMetaData'
[2020.12.07-15.55.52:412][135]LogMetaData: Removing '/Game/ContenidoDescargado/IDA_Music_Pack/Cues/CUE_IDA_-_Main_Theme_Loop_Cue.CUE_IDA_-_Main_Theme_Loop_Cue:SoundCueGraph_0.SoundCueGraphNode_Root_0' ref from Metadata '/Game/IDA_Music_Pack/Cues/CUE_IDA_-_Main_Theme_Loop_Cue.PackageMetaData'
[2020.12.07-15.55.52:447][135]LogMetaData: Removing '/Game/ContenidoDescargado/IDA_Music_Pack/Cues/CUE_IDA_-_Medium_Intensity_Cue.CUE_IDA_-_Medium_Intensity_Cue:SoundCueGraph_0.SoundCueGraphNode_Root_0' ref from Metadata '/Game/IDA_Music_Pack/Cues/CUE_IDA_-_Medium_Intensity_Cue.PackageMetaData'
[2020.12.07-15.55.52:464][135]LogMetaData: Removing '/Game/ContenidoDescargado/IDA_Music_Pack/Cues/CUE_IDA_-_Postive_Event_Loop_Cue.CUE_IDA_-_Postive_Event_Loop_Cue:SoundCueGraph_0.SoundCueGraphNode_Root_0' ref from Metadata '/Game/IDA_Music_Pack/Cues/CUE_IDA_-_Postive_Event_Loop_Cue.PackageMetaData'
[2020.12.07-15.55.52:480][135]LogMetaData: Removing '/Game/ContenidoDescargado/IDA_Music_Pack/Cues/CUE_UI_IDA_-_Event_Stinger_Cue.CUE_UI_IDA_-_Event_Stinger_Cue:SoundCueGraph_0.SoundCueGraphNode_Root_0' ref from Metadata '/Game/IDA_Music_Pack/Cues/CUE_UI_IDA_-_Event_Stinger_Cue.PackageMetaData'
[2020.12.07-15.55.52:890][135]LogSavePackage: Moving '../../../../../../Users/raque/Desktop/DEV/practica3/Saved/CUE_IDA_-_Danger_Loop_Cue49D00EF64EC6977FA0ED18A4B59C36FB.tmp' to '../../../../../../Users/raque/Desktop/DEV/practica3/Content/ContenidoDescargado/IDA_Music_Pack/Cues/CUE_IDA_-_Danger_Loop_Cue.uasset'
[2020.12.07-15.55.52:927][135]LogSavePackage: Moving '../../../../../../Users/raque/Desktop/DEV/practica3/Saved/CUE_IDA_-_High_Intensity_Loop_Cu9B8384A343DB1970C7692F86A0A5DAF7.tmp' to '../../../../../../Users/raque/Desktop/DEV/practica3/Content/ContenidoDescargado/IDA_Music_Pack/Cues/CUE_IDA_-_High_Intensity_Loop_Cue.uasset'
[2020.12.07-15.55.52:961][135]LogSavePackage: Moving '../../../../../../Users/raque/Desktop/DEV/practica3/Saved/CUE_IDA_-_Low_Intensity_Loop_CueAB137D664FEC0ABDB18293A30C577BCE.tmp' to '../../../../../../Users/raque/Desktop/DEV/practica3/Content/ContenidoDescargado/IDA_Music_Pack/Cues/CUE_IDA_-_Low_Intensity_Loop_Cue.uasset'
[2020.12.07-15.55.53:002][135]LogSavePackage: Moving '../../../../../../Users/raque/Desktop/DEV/practica3/Saved/CUE_IDA_-_Main_Theme_Loop_Cue5652BEE84D77CA788D78B19353AF5480.tmp' to '../../../../../../Users/raque/Desktop/DEV/practica3/Content/ContenidoDescargado/IDA_Music_Pack/Cues/CUE_IDA_-_Main_Theme_Loop_Cue.uasset'
[2020.12.07-15.55.53:033][135]LogSavePackage: Moving '../../../../../../Users/raque/Desktop/DEV/practica3/Saved/CUE_IDA_-_Medium_Intensity_CueF15249FF49C7C4451BCB9B83DA3474CD.tmp' to '../../../../../../Users/raque/Desktop/DEV/practica3/Content/ContenidoDescargado/IDA_Music_Pack/Cues/CUE_IDA_-_Medium_Intensity_Cue.uasset'
[2020.12.07-15.55.53:078][135]LogSavePackage: Moving '../../../../../../Users/raque/Desktop/DEV/practica3/Saved/CUE_IDA_-_Postive_Event_Loop_Cue8CF16FBF41CAC976AEC888A102617697.tmp' to '../../../../../../Users/raque/Desktop/DEV/practica3/Content/ContenidoDescargado/IDA_Music_Pack/Cues/CUE_IDA_-_Postive_Event_Loop_Cue.uasset'
[2020.12.07-15.55.53:108][135]LogSavePackage: Moving '../../../../../../Users/raque/Desktop/DEV/practica3/Saved/CUE_UI_IDA_-_Event_Stinger_CueDD9377AF42DA60B7A09EF6A9960DC4EF.tmp' to '../../../../../../Users/raque/Desktop/DEV/practica3/Content/ContenidoDescargado/IDA_Music_Pack/Cues/CUE_UI_IDA_-_Event_Stinger_Cue.uasset'
[2020.12.07-15.55.53:296][135]LogSavePackage: Moving '../../../../../../Users/raque/Desktop/DEV/practica3/Saved/WAV_IDA_-_Danger_LoopDEA26159465DC954FD3EF694DEB08C86.tmp' to '../../../../../../Users/raque/Desktop/DEV/practica3/Content/ContenidoDescargado/IDA_Music_Pack/Wavs/WAV_IDA_-_Danger_Loop.uasset'
[2020.12.07-15.55.53:615][135]LogSavePackage: Moving '../../../../../../Users/raque/Desktop/DEV/practica3/Saved/WAV_IDA_-_High_Intensity_LoopFFB87D0B44FEC97B9D6B13A11AAF7294.tmp' to '../../../../../../Users/raque/Desktop/DEV/practica3/Content/ContenidoDescargado/IDA_Music_Pack/Wavs/WAV_IDA_-_High_Intensity_Loop.uasset'
[2020.12.07-15.55.53:981][135]LogSavePackage: Moving '../../../../../../Users/raque/Desktop/DEV/practica3/Saved/WAV_IDA_-_Low_Intensity_LoopCFDD94584054FAFE67BC7BAF1D3A27F4.tmp' to '../../../../../../Users/raque/Desktop/DEV/practica3/Content/ContenidoDescargado/IDA_Music_Pack/Wavs/WAV_IDA_-_Low_Intensity_Loop.uasset'
[2020.12.07-15.55.54:144][135]LogSavePackage: Moving '../../../../../../Users/raque/Desktop/DEV/practica3/Saved/WAV_IDA_-_Main_Theme_Loop3A311134437883817346528D31585954.tmp' to '../../../../../../Users/raque/Desktop/DEV/practica3/Content/ContenidoDescargado/IDA_Music_Pack/Wavs/WAV_IDA_-_Main_Theme_Loop.uasset'
[2020.12.07-15.55.54:440][135]LogSavePackage: Moving '../../../../../../Users/raque/Desktop/DEV/practica3/Saved/WAV_IDA_-_Medium_IntensityC375194A4953C654EC26E69B63D240A2.tmp' to '../../../../../../Users/raque/Desktop/DEV/practica3/Content/ContenidoDescargado/IDA_Music_Pack/Wavs/WAV_IDA_-_Medium_Intensity.uasset'
[2020.12.07-15.55.54:546][135]LogSavePackage: Moving '../../../../../../Users/raque/Desktop/DEV/practica3/Saved/WAV_IDA_-_Postive_Event_Loop2AF9178944892192697819B19717B980.tmp' to '../../../../../../Users/raque/Desktop/DEV/practica3/Content/ContenidoDescargado/IDA_Music_Pack/Wavs/WAV_IDA_-_Postive_Event_Loop.uasset'
[2020.12.07-15.55.54:603][135]LogSavePackage: Moving '../../../../../../Users/raque/Desktop/DEV/practica3/Saved/WAV_UI_IDA_-_Event_Stinger4A20020F4F37B81DE325749B8E309080.tmp' to '../../../../../../Users/raque/Desktop/DEV/practica3/Content/ContenidoDescargado/IDA_Music_Pack/Wavs/WAV_UI_IDA_-_Event_Stinger.uasset'
[2020.12.07-15.56.03:749][135]LogUObjectHash: Compacting FUObjectHashTables data took   2.46ms
[2020.12.07-15.56.05:770][135]LogUObjectHash: Compacting FUObjectHashTables data took   0.59ms
[2020.12.07-15.56.05:823][135]LogShaderCompilers: Display: Worker (3/3): shaders left to compile 784
[2020.12.07-15.56.05:823][135]LogUObjectHash: Compacting FUObjectHashTables data took   0.81ms
[2020.12.07-15.56.07:931][135]LogShaderCompilers: Display: Worker (2/3): shaders left to compile 774
[2020.12.07-15.56.07:931][135]LogUObjectHash: Compacting FUObjectHashTables data took   1.21ms
[2020.12.07-15.56.13:250][135]LogUObjectHash: Compacting FUObjectHashTables data took   0.61ms
[2020.12.07-15.56.13:287][135]LogUObjectHash: Compacting FUObjectHashTables data took   0.55ms
[2020.12.07-15.56.13:309][135]LogUObjectHash: Compacting FUObjectHashTables data took   0.58ms
[2020.12.07-15.56.19:218][135]LogUObjectHash: Compacting FUObjectHashTables data took   0.61ms
[2020.12.07-15.56.19:251][135]LogUObjectHash: Compacting FUObjectHashTables data took   0.56ms
[2020.12.07-15.56.19:289][135]LogUObjectHash: Compacting FUObjectHashTables data took   0.58ms
[2020.12.07-15.56.19:491][135]LogShaderCompilers: Display: Worker (1/3): shaders left to compile 764
[2020.12.07-15.56.19:491][135]LogUObjectHash: Compacting FUObjectHashTables data took   0.69ms
[2020.12.07-15.56.25:122][135]LogUObjectHash: Compacting FUObjectHashTables data took   0.70ms
[2020.12.07-15.56.25:154][135]LogUObjectHash: Compacting FUObjectHashTables data took   1.21ms
[2020.12.07-15.56.25:195][135]LogUObjectHash: Compacting FUObjectHashTables data took   0.79ms
[2020.12.07-15.56.31:063][135]LogUObjectHash: Compacting FUObjectHashTables data took   5.33ms
[2020.12.07-15.56.31:085][135]LogUObjectHash: Compacting FUObjectHashTables data took   1.03ms
[2020.12.07-15.56.35:840][135]LogSavePackage: Moving '../../../../../../Users/raque/Desktop/DEV/practica3/Saved/Showcase_BuiltData9B909B934FF81DDE5F00428DC6E500A3.tmp' to '../../../../../../Users/raque/Desktop/DEV/practica3/Content/ContenidoDescargado/GKnight/Maps/Showcase_BuiltData.uasset'
[2020.12.07-15.56.35:898][135]LogSavePackage: Moving '../../../../../../Users/raque/Desktop/DEV/practica3/Saved/Overview_BuiltData23FF68614F95DFF4CA73CA996499EDCB.tmp' to '../../../../../../Users/raque/Desktop/DEV/practica3/Content/ContenidoDescargado/GKnight/Maps/Overview_BuiltData.uasset'
[2020.12.07-15.56.36:221][135]LogSavePackage: Moving '../../../../../../Users/raque/Desktop/DEV/practica3/Saved/ANIM_GKnight_PoseE9E48D8E4B0FD618B8DE5BBB24D7EE1C.tmp' to '../../../../../../Users/raque/Desktop/DEV/practica3/Content/ContenidoDescargado/GKnight/Animation/ANIM_GKnight_Pose.uasset'
[2020.12.07-15.56.36:303][135]LogUObjectHash: Compacting FUObjectHashTables data took   3.35ms
[2020.12.07-15.56.36:608][135]LogSavePackage: Moving '../../../../../../Users/raque/Desktop/DEV/practica3/Saved/OverviewF5B3F0F749190E642430F496198E502E.tmp' to '../../../../../../Users/raque/Desktop/DEV/practica3/Content/ContenidoDescargado/GKnight/Maps/Overview.umap'
[2020.12.07-15.56.36:669][135]LogFileHelpers: Saving map 'Overview' took 0.441
[2020.12.07-15.56.41:771][135]LogUObjectHash: Compacting FUObjectHashTables data took   1.72ms
[2020.12.07-15.56.41:874][135]LogSavePackage: Moving '../../../../../../Users/raque/Desktop/DEV/practica3/Saved/Showcase2DE035564F469283CED9D78D421B0400.tmp' to '../../../../../../Users/raque/Desktop/DEV/practica3/Content/ContenidoDescargado/GKnight/Maps/Showcase.umap'
[2020.12.07-15.56.41:893][135]LogFileHelpers: Saving map 'Showcase' took 5.223
[2020.12.07-15.56.42:121][135]LogSavePackage: Moving '../../../../../../Users/raque/Desktop/DEV/practica3/Saved/MI_BearFur52249C274C3B5AF904CCC8BF2ED61051.tmp' to '../../../../../../Users/raque/Desktop/DEV/practica3/Content/ContenidoDescargado/GKnight/Materials/MI_BearFur.uasset'
[2020.12.07-15.56.42:669][135]LogSavePackage: Moving '../../../../../../Users/raque/Desktop/DEV/practica3/Saved/MI_EyeMaterial60FE401140E387CF68758AA313C52D05.tmp' to '../../../../../../Users/raque/Desktop/DEV/practica3/Content/ContenidoDescargado/GKnight/Materials/MI_EyeMaterial.uasset'
[2020.12.07-15.56.42:828][135]LogShaderCompilers: Display: Worker (3/3): shaders left to compile 754
[2020.12.07-15.56.42:843][135]LogSavePackage: Moving '../../../../../../Users/raque/Desktop/DEV/practica3/Saved/MI_GKnightCapeC0E183304B6F3553A920D88A8E126614.tmp' to '../../../../../../Users/raque/Desktop/DEV/practica3/Content/ContenidoDescargado/GKnight/Materials/MI_GKnightCape.uasset'
[2020.12.07-15.56.43:071][135]LogSavePackage: Moving '../../../../../../Users/raque/Desktop/DEV/practica3/Saved/MI_GKnightSkirtD7142B404B755CA490E2049A2A899638.tmp' to '../../../../../../Users/raque/Desktop/DEV/practica3/Content/ContenidoDescargado/GKnight/Materials/MI_GKnightSkirt.uasset'
[2020.12.07-15.56.43:501][135]LogSavePackage: Moving '../../../../../../Users/raque/Desktop/DEV/practica3/Saved/MI_GKnightSkirt_hide278CC6D6433A7A56F6EE7DA3E9E69947.tmp' to '../../../../../../Users/raque/Desktop/DEV/practica3/Content/ContenidoDescargado/GKnight/Materials/MI_GKnightSkirt_hide.uasset'
[2020.12.07-15.56.44:622][135]LogSavePackage: Moving '../../../../../../Users/raque/Desktop/DEV/practica3/Saved/MI_GKnight_Body52DCE442458F364E79B12DA5ADB9630D.tmp' to '../../../../../../Users/raque/Desktop/DEV/practica3/Content/ContenidoDescargado/GKnight/Materials/MI_GKnight_Body.uasset'
[2020.12.07-15.56.44:809][135]LogSavePackage: Moving '../../../../../../Users/raque/Desktop/DEV/practica3/Saved/MI_GKnight_Glove53E4D29E447127EAE9CDC884A41A4DB5.tmp' to '../../../../../../Users/raque/Desktop/DEV/practica3/Content/ContenidoDescargado/GKnight/Materials/MI_GKnight_Glove.uasset'
[2020.12.07-15.56.45:012][135]LogSavePackage: Moving '../../../../../../Users/raque/Desktop/DEV/practica3/Saved/MI_GKnight_Helmet88FDFA734833FC99C46A858E1052BFB0.tmp' to '../../../../../../Users/raque/Desktop/DEV/practica3/Content/ContenidoDescargado/GKnight/Materials/MI_GKnight_Helmet.uasset'
[2020.12.07-15.56.45:245][135]LogSavePackage: Moving '../../../../../../Users/raque/Desktop/DEV/practica3/Saved/MI_GKnight_Pants96BA95F74861EC9ADAD2CE978C7C438A.tmp' to '../../../../../../Users/raque/Desktop/DEV/practica3/Content/ContenidoDescargado/GKnight/Materials/MI_GKnight_Pants.uasset'
[2020.12.07-15.56.45:496][135]LogSavePackage: Moving '../../../../../../Users/raque/Desktop/DEV/practica3/Saved/MI_headA4E7E5F45444BE52E39F8F0B7A325659F.tmp' to '../../../../../../Users/raque/Desktop/DEV/practica3/Content/ContenidoDescargado/GKnight/Materials/MI_headA.uasset'
[2020.12.07-15.56.45:797][135]LogSavePackage: Moving '../../../../../../Users/raque/Desktop/DEV/practica3/Saved/MI_headD8D6A5B594D49C31DDAC2F0B8EF41563B.tmp' to '../../../../../../Users/raque/Desktop/DEV/practica3/Content/ContenidoDescargado/GKnight/Materials/MI_headD.uasset'
[2020.12.07-15.56.45:984][135]LogSavePackage: Moving '../../../../../../Users/raque/Desktop/DEV/practica3/Saved/MI_HeadE44F988814C51B4D0DEFA46A8BB288C61.tmp' to '../../../../../../Users/raque/Desktop/DEV/practica3/Content/ContenidoDescargado/GKnight/Materials/MI_HeadE.uasset'
[2020.12.07-15.57.00:862][135]LogShaderCompilers: Display: Worker (2/3): shaders left to compile 744
[2020.12.07-15.57.13:413][135]LogShaderCompilers: Display: Worker (1/3): shaders left to compile 734
[2020.12.07-15.57.23:854][135]LogShaderCompilers: Display: Worker (3/3): shaders left to compile 724
[2020.12.07-15.57.43:082][135]LogShaderCompilers: Display: Worker (1/3): shaders left to compile 714
[2020.12.07-15.57.44:368][135]LogShaderCompilers: Display: Worker (2/3): shaders left to compile 704
[2020.12.07-15.58.14:038][135]LogShaderCompilers: Display: Worker (3/3): shaders left to compile 694
[2020.12.07-15.58.29:455][135]LogShaderCompilers: Display: Worker (2/3): shaders left to compile 684
[2020.12.07-16.00.03:969][135]LogShaderCompilers: Display: Worker (1/3): shaders left to compile 674
[2020.12.07-16.00.21:808][135]LogShaderCompilers: Display: Worker (3/3): shaders left to compile 664
[2020.12.07-16.00.23:350][135]LogShaderCompilers: Display: Worker (2/3): shaders left to compile 654
